INFO 2025-11-12 09:15:40,846 bigquery_manager BigQuery conectado: agro-data-476422.agro-dataset
INFO 2025-11-12 10:26:39,035 bigquery_manager BigQuery conectado: agro-data-476422.agro-dataset
INFO 2025-11-12 10:31:17,141 bigquery_manager BigQuery conectado: agro-data-476422.agro_dataset
INFO 2025-11-12 10:43:58,998 bigquery_manager BigQuery conectado: agro-data-476422.agro_dataset
ERROR 2025-11-12 10:44:14,127 bigquery_manager Erro de SQL: Syntax error: Invalid empty identifier at [2:19]

Location: US
Job ID: 7f99ed4d-35d6-4c55-885c-d62566c02982

INFO 2025-11-12 10:45:47,692 bigquery_manager BigQuery conectado: agro-data-476422.agro_dataset
INFO 2025-11-12 10:45:52,279 bigquery_manager Query executou com sucesso: 3 linhas retornadas
INFO 2025-11-12 10:45:54,518 bigquery_manager 3 linhas inseridas em travel
INFO 2025-11-12 10:46:01,589 bigquery_manager BigQuery conectado: agro-data-476422.agro_dataset
INFO 2025-11-12 10:46:05,592 bigquery_manager 1 linhas inseridas em vehicle
INFO 2025-11-12 10:46:06,143 bigquery_manager 1 linhas inseridas em travel
INFO 2025-11-12 10:46:07,018 bigquery_manager 1 linhas inseridas em stop
INFO 2025-11-12 10:46:07,855 bigquery_manager 1 linhas inseridas em bill
ERROR 2025-11-12 10:46:10,117 bigquery_manager Erro de SQL: Syntax error: Invalid empty identifier at [5:31]

Location: US
Job ID: fbb7199a-88d9-4e70-a979-fd5fe69189ab

INFO 2025-11-12 10:56:39,724 bigquery_manager BigQuery conectado: agro-data-476422.agro_dataset
INFO 2025-11-12 10:56:44,153 bigquery_manager 1 linhas inseridas em vehicle
INFO 2025-11-12 10:56:45,075 bigquery_manager 1 linhas inseridas em travel
INFO 2025-11-12 10:56:45,685 bigquery_manager 1 linhas inseridas em stop
INFO 2025-11-12 10:56:46,520 bigquery_manager 1 linhas inseridas em bill
ERROR 2025-11-12 10:56:49,004 bigquery_manager Erro de SQL: Cannot query over table 'agro-data-476422.agro_dataset.travel' without a filter over column(s) 'datetime' that can be used for partition elimination

Location: US
Job ID: 0ed1e57f-65b3-4342-8fc9-44536e9591cd

INFO 2025-11-12 11:00:35,534 bigquery_manager BigQuery conectado: agro-data-476422.agro_dataset
INFO 2025-11-12 11:00:39,447 bigquery_manager 1 linhas inseridas em vehicle
INFO 2025-11-12 11:00:40,065 bigquery_manager 1 linhas inseridas em travel
INFO 2025-11-12 11:00:40,780 bigquery_manager 1 linhas inseridas em stop
INFO 2025-11-12 11:00:41,599 bigquery_manager 1 linhas inseridas em bill
INFO 2025-11-12 11:00:45,498 bigquery_manager Query executou com sucesso: 1 linhas retornadas
INFO 2025-11-12 11:01:22,591 bigquery_manager BigQuery conectado: agro-data-476422.agro_dataset
INFO 2025-11-12 11:01:27,149 bigquery_manager 1 linhas inseridas em vehicle
INFO 2025-11-12 11:01:27,953 bigquery_manager 1 linhas inseridas em travel
INFO 2025-11-12 11:01:28,884 bigquery_manager 1 linhas inseridas em stop
INFO 2025-11-12 11:01:29,624 bigquery_manager 1 linhas inseridas em bill
INFO 2025-11-12 11:01:33,384 bigquery_manager Query executou com sucesso: 1 linhas retornadas
INFO 2025-11-12 15:35:22,253 bigquery_manager BigQuery conectado: agro-data-476422.agro_dataset
INFO 2025-11-13 10:30:06,572 bigquery_manager BigQuery conectado: agro-data-476422.agro_dataset
INFO 2025-11-13 10:30:15,052 bigquery_manager BigQuery conectado: agro-data-476422.agro_dataset
INFO 2025-11-13 10:30:53,302 bigquery_manager BigQuery conectado: agro-data-476422.agro_dataset
INFO 2025-11-13 10:32:52,045 bigquery_manager BigQuery conectado: agro-data-476422.agro_dataset
INFO 2025-11-13 10:33:09,533 bigquery_manager BigQuery conectado: agro-data-476422.agro_dataset
INFO 2025-11-13 10:52:05,180 bigquery_manager BigQuery conectado: agro-data-476422.agro_dataset
INFO 2025-11-13 10:52:44,489 bigquery_manager BigQuery conectado: agro-data-476422.agro_dataset
INFO 2025-11-13 10:52:55,257 bigquery_manager BigQuery conectado: agro-data-476422.agro_dataset
INFO 2025-11-13 10:52:59,474 bigquery_manager BigQuery conectado: agro-data-476422.agro_dataset
INFO 2025-11-13 11:00:23,554 bigquery_manager BigQuery conectado: agro-data-476422.agro_dataset
INFO 2025-11-13 11:15:24,354 bigquery_manager BigQuery conectado: agro-data-476422.agro_dataset
ERROR 2025-11-13 11:15:26,126 bigquery_manager Erro de SQL: Cannot query over table 'agro-data-476422.agro_dataset.travel' without a filter over column(s) 'datetime' that can be used for partition elimination

Location: US
Job ID: f8fbb33d-55bc-4faf-8bb9-5ed80e6848ba

INFO 2025-11-13 11:35:36,704 bigquery_manager BigQuery conectado: agro-data-476422.agro_dataset
ERROR 2025-11-13 11:35:38,025 bigquery_manager Erro de SQL: Correlated subqueries that reference other tables are not supported unless they can be de-correlated, such as by transforming them into an efficient JOIN.

Location: US
Job ID: 3413b5eb-1868-4b69-9b32-5be338080e35

INFO 2025-11-13 11:35:49,537 bigquery_manager BigQuery conectado: agro-data-476422.agro_dataset
ERROR 2025-11-13 11:35:50,651 bigquery_manager Erro de SQL: Correlated subqueries that reference other tables are not supported unless they can be de-correlated, such as by transforming them into an efficient JOIN.

Location: US
Job ID: d9c9d665-241e-4455-a78d-74a8e15f76be

INFO 2025-11-13 11:47:28,129 bigquery_manager BigQuery conectado: agro-data-476422.agro_dataset
INFO 2025-11-13 11:47:30,658 bigquery_manager Query executou com sucesso: 7 linhas retornadas
INFO 2025-11-13 11:47:31,873 bigquery_manager Query executou com sucesso: 1 linhas retornadas
INFO 2025-11-13 11:54:07,773 bigquery_manager BigQuery conectado: agro-data-476422.agro_dataset
INFO 2025-11-13 11:54:09,595 bigquery_manager Query executou com sucesso: 7 linhas retornadas
INFO 2025-11-13 11:54:10,817 bigquery_manager Query executou com sucesso: 1 linhas retornadas
INFO 2025-11-13 11:54:12,828 bigquery_manager BigQuery conectado: agro-data-476422.agro_dataset
INFO 2025-11-13 11:54:14,472 bigquery_manager Query executou com sucesso: 7 linhas retornadas
INFO 2025-11-13 11:54:15,628 bigquery_manager Query executou com sucesso: 1 linhas retornadas
INFO 2025-11-13 11:54:15,636 bigquery_manager BigQuery conectado: agro-data-476422.agro_dataset
INFO 2025-11-13 11:54:17,435 bigquery_manager Query executou com sucesso: 0 linhas retornadas
INFO 2025-11-13 11:54:18,229 bigquery_manager 1 linhas inseridas em vehicle
INFO 2025-11-13 12:18:38,737 bigquery_manager BigQuery conectado: agro-data-476422.agro_dataset
INFO 2025-11-13 12:18:40,724 bigquery_manager Query executou com sucesso: 7 linhas retornadas
INFO 2025-11-13 12:18:42,046 bigquery_manager Query executou com sucesso: 1 linhas retornadas
INFO 2025-11-13 12:18:44,058 bigquery_manager BigQuery conectado: agro-data-476422.agro_dataset
INFO 2025-11-13 12:18:46,193 bigquery_manager Query executou com sucesso: 7 linhas retornadas
INFO 2025-11-13 12:18:47,190 bigquery_manager Query executou com sucesso: 1 linhas retornadas
INFO 2025-11-13 12:18:47,199 bigquery_manager BigQuery conectado: agro-data-476422.agro_dataset
INFO 2025-11-13 12:18:48,826 bigquery_manager Query executou com sucesso: 1 linhas retornadas
INFO 2025-11-13 12:19:15,208 bigquery_manager BigQuery conectado: agro-data-476422.agro_dataset
INFO 2025-11-13 12:19:17,226 bigquery_manager Query executou com sucesso: 7 linhas retornadas
INFO 2025-11-13 12:19:18,251 bigquery_manager Query executou com sucesso: 1 linhas retornadas
INFO 2025-11-13 12:19:20,262 bigquery_manager BigQuery conectado: agro-data-476422.agro_dataset
INFO 2025-11-13 12:19:22,358 bigquery_manager Query executou com sucesso: 7 linhas retornadas
INFO 2025-11-13 12:19:23,470 bigquery_manager Query executou com sucesso: 1 linhas retornadas
INFO 2025-11-13 12:19:23,481 bigquery_manager BigQuery conectado: agro-data-476422.agro_dataset
INFO 2025-11-13 12:19:25,141 bigquery_manager Query executou com sucesso: 1 linhas retornadas
INFO 2025-11-13 14:28:15,321 bigquery_manager BigQuery conectado: agro-data-476422.agro_dataset
ERROR 2025-11-13 14:28:16,709 bigquery_manager Erro de SQL: Cannot query over table 'agro-data-476422.agro_dataset.travel' without a filter over column(s) 'datetime' that can be used for partition elimination

Location: US
Job ID: a8d11d92-9f2d-4e0e-938e-8f51f9be564c

INFO 2025-11-13 15:03:42,409 bigquery_manager BigQuery conectado: agro-data-476422.agro_dataset
INFO 2025-11-13 15:03:45,160 bigquery_manager Query executou com sucesso: 7 linhas retornadas
INFO 2025-11-13 15:03:46,493 bigquery_manager Query executou com sucesso: 1 linhas retornadas
INFO 2025-11-13 15:03:48,503 bigquery_manager BigQuery conectado: agro-data-476422.agro_dataset
INFO 2025-11-13 15:03:50,383 bigquery_manager Query executou com sucesso: 7 linhas retornadas
INFO 2025-11-13 15:03:51,610 bigquery_manager Query executou com sucesso: 1 linhas retornadas
INFO 2025-11-13 15:03:51,619 bigquery_manager BigQuery conectado: agro-data-476422.agro_dataset
INFO 2025-11-13 15:03:53,578 bigquery_manager Query executou com sucesso: 1 linhas retornadas
INFO 2025-11-13 15:08:43,394 bigquery_manager BigQuery conectado: agro-data-476422.agro_dataset
INFO 2025-11-13 15:08:45,187 bigquery_manager Query executou com sucesso: 7 linhas retornadas
INFO 2025-11-13 15:08:46,421 bigquery_manager Query executou com sucesso: 1 linhas retornadas
INFO 2025-11-13 15:08:48,433 bigquery_manager BigQuery conectado: agro-data-476422.agro_dataset
INFO 2025-11-13 15:08:50,411 bigquery_manager Query executou com sucesso: 7 linhas retornadas
INFO 2025-11-13 15:08:51,639 bigquery_manager Query executou com sucesso: 1 linhas retornadas
INFO 2025-11-13 15:08:51,648 bigquery_manager BigQuery conectado: agro-data-476422.agro_dataset
INFO 2025-11-13 15:08:53,400 bigquery_manager Query executou com sucesso: 1 linhas retornadas
INFO 2025-11-13 15:09:22,892 bigquery_manager BigQuery conectado: agro-data-476422.agro_dataset
INFO 2025-11-13 15:09:24,715 bigquery_manager Query executou com sucesso: 7 linhas retornadas
INFO 2025-11-13 15:09:25,840 bigquery_manager Query executou com sucesso: 1 linhas retornadas
INFO 2025-11-13 15:09:27,852 bigquery_manager BigQuery conectado: agro-data-476422.agro_dataset
INFO 2025-11-13 15:09:29,631 bigquery_manager Query executou com sucesso: 7 linhas retornadas
INFO 2025-11-13 15:09:31,377 bigquery_manager Query executou com sucesso: 1 linhas retornadas
INFO 2025-11-13 15:09:31,388 bigquery_manager BigQuery conectado: agro-data-476422.agro_dataset
INFO 2025-11-13 15:09:32,905 bigquery_manager Query executou com sucesso: 1 linhas retornadas
INFO 2025-11-13 16:56:32,180 bigquery_manager BigQuery conectado: agro-data-476422.agro_dataset
INFO 2025-11-13 16:56:33,829 bigquery_manager Query executou com sucesso: 7 linhas retornadas
INFO 2025-11-13 16:56:34,957 bigquery_manager Query executou com sucesso: 1 linhas retornadas
INFO 2025-11-13 16:56:36,969 bigquery_manager BigQuery conectado: agro-data-476422.agro_dataset
INFO 2025-11-13 16:56:38,385 bigquery_manager Query executou com sucesso: 7 linhas retornadas
INFO 2025-11-13 16:56:39,607 bigquery_manager Query executou com sucesso: 1 linhas retornadas
INFO 2025-11-13 16:56:39,616 bigquery_manager BigQuery conectado: agro-data-476422.agro_dataset
INFO 2025-11-13 16:56:40,991 bigquery_manager Query executou com sucesso: 1 linhas retornadas
INFO 2025-11-13 16:56:41,780 bigquery_manager 1 linhas inseridas em travel
INFO 2025-11-13 16:56:44,789 bigquery_manager BigQuery conectado: agro-data-476422.agro_dataset
ERROR 2025-11-13 16:56:45,612 bigquery_manager Erro de SQL: Cannot query over table 'agro-data-476422.agro_dataset.travel' without a filter over column(s) 'datetime' that can be used for partition elimination

Location: US
Job ID: bbf14242-a872-43ca-81e5-a551541c2bc8

INFO 2025-11-13 16:56:45,633 bigquery_manager BigQuery conectado: agro-data-476422.agro_dataset
ERROR 2025-11-13 16:56:46,398 bigquery_manager Erro de SQL: Cannot query over table 'agro-data-476422.agro_dataset.travel' without a filter over column(s) 'datetime' that can be used for partition elimination

Location: US
Job ID: 18fdd102-0a7b-40f4-b5fa-53995b9faa10

INFO 2025-11-13 16:56:46,407 bigquery_manager BigQuery conectado: agro-data-476422.agro_dataset
INFO 2025-11-13 16:56:47,953 bigquery_manager Query executou com sucesso: 0 linhas retornadas
INFO 2025-11-13 16:56:47,961 bigquery_manager BigQuery conectado: agro-data-476422.agro_dataset
INFO 2025-11-13 16:56:49,992 bigquery_manager BigQuery conectado: agro-data-476422.agro_dataset
ERROR 2025-11-13 16:56:50,873 bigquery_manager Erro de SQL: Cannot query over table 'agro-data-476422.agro_dataset.travel' without a filter over column(s) 'datetime' that can be used for partition elimination

Location: US
Job ID: 307e58e1-dfef-4045-9806-0a7c9e22e34d

INFO 2025-11-13 16:56:50,880 bigquery_manager BigQuery conectado: agro-data-476422.agro_dataset
INFO 2025-11-13 16:56:52,669 bigquery_manager Query executou com sucesso: 4 linhas retornadas
INFO 2025-11-13 16:56:53,870 bigquery_manager Query executou com sucesso: 1 linhas retornadas
INFO 2025-11-13 16:56:53,877 bigquery_manager BigQuery conectado: agro-data-476422.agro_dataset
INFO 2025-11-13 16:56:55,836 bigquery_manager Query executou com sucesso: 0 linhas retornadas
INFO 2025-11-13 16:56:56,923 bigquery_manager Query executou com sucesso: 1 linhas retornadas
INFO 2025-11-13 16:56:56,930 bigquery_manager BigQuery conectado: agro-data-476422.agro_dataset
INFO 2025-11-13 16:56:59,561 bigquery_manager Query executou com sucesso: 0 linhas retornadas
INFO 2025-11-13 16:57:00,804 bigquery_manager Query executou com sucesso: 1 linhas retornadas
INFO 2025-11-13 16:57:00,812 bigquery_manager BigQuery conectado: agro-data-476422.agro_dataset
INFO 2025-11-13 16:57:02,467 bigquery_manager Query executou com sucesso: 5 linhas retornadas
INFO 2025-11-13 16:57:03,620 bigquery_manager Query executou com sucesso: 1 linhas retornadas
INFO 2025-11-13 16:57:03,630 bigquery_manager BigQuery conectado: agro-data-476422.agro_dataset
ERROR 2025-11-13 16:57:04,436 bigquery_manager Erro de SQL: Cannot query over table 'agro-data-476422.agro_dataset.travel' without a filter over column(s) 'datetime' that can be used for partition elimination

Location: US
Job ID: 25420b7e-4b45-4645-8654-e70d42a88345

INFO 2025-11-13 16:57:04,443 bigquery_manager BigQuery conectado: agro-data-476422.agro_dataset
INFO 2025-11-13 16:57:04,453 bigquery_manager BigQuery conectado: agro-data-476422.agro_dataset
INFO 2025-11-13 16:57:12,312 bigquery_manager BigQuery conectado: agro-data-476422.agro_dataset
ERROR 2025-11-13 16:57:13,078 bigquery_manager Erro de SQL: Cannot query over table 'agro-data-476422.agro_dataset.travel' without a filter over column(s) 'datetime' that can be used for partition elimination

Location: US
Job ID: a7995ef6-cec6-4fb2-be39-7a6d5b602140

INFO 2025-11-13 22:39:37,963 bigquery_manager BigQuery conectado: agro-data-476422.agro_dataset
ERROR 2025-11-13 22:39:40,248 bigquery_manager Erro de SQL: Cannot query over table 'agro-data-476422.agro_dataset.travel' without a filter over column(s) 'datetime' that can be used for partition elimination

Location: US
Job ID: 3689dfc0-28f9-4c1c-bd18-aeb2ded94da5

INFO 2025-11-13 22:39:42,259 bigquery_manager BigQuery conectado: agro-data-476422.agro_dataset
ERROR 2025-11-13 22:39:43,179 bigquery_manager Erro de SQL: Cannot query over table 'agro-data-476422.agro_dataset.travel' without a filter over column(s) 'datetime' that can be used for partition elimination

Location: US
Job ID: 7dc438b1-ef2a-4c94-9f28-aa0662e4caf1

INFO 2025-11-13 22:39:43,692 bigquery_manager BigQuery conectado: agro-data-476422.agro_dataset
INFO 2025-11-13 22:39:45,976 bigquery_manager Query executou com sucesso: 1 linhas retornadas
INFO 2025-11-13 22:39:46,486 bigquery_manager BigQuery conectado: agro-data-476422.agro_dataset
ERROR 2025-11-13 22:39:48,853 bigquery_manager Erro de SQL: Cannot query over table 'agro-data-476422.agro_dataset.travel' without a filter over column(s) 'datetime' that can be used for partition elimination

Location: US
Job ID: 0e243832-d11e-4a08-95e9-25899dc774be

INFO 2025-11-13 22:39:49,363 bigquery_manager BigQuery conectado: agro-data-476422.agro_dataset
INFO 2025-11-13 22:39:49,871 bigquery_manager BigQuery conectado: agro-data-476422.agro_dataset
ERROR 2025-11-13 22:39:51,901 bigquery_manager Erro de SQL: Unrecognized name: b at [19:24]

Location: US
Job ID: 33b994b0-c2ce-40ec-a3b8-38ae1e90dd25

INFO 2025-11-13 22:39:52,410 bigquery_manager BigQuery conectado: agro-data-476422.agro_dataset
ERROR 2025-11-13 22:39:58,356 bigquery_manager Erro de SQL: Unrecognized name: b at [19:24]

Location: US
Job ID: 1154d0ef-533f-4ff7-9a9a-32f53599662e

INFO 2025-11-13 22:39:58,866 bigquery_manager BigQuery conectado: agro-data-476422.agro_dataset
ERROR 2025-11-13 22:40:01,367 bigquery_manager Erro de SQL: Unrecognized name: b at [19:24]

Location: US
Job ID: eb94fbbc-8f83-46e0-ab8b-4d2994be9565

INFO 2025-11-13 22:40:01,879 bigquery_manager BigQuery conectado: agro-data-476422.agro_dataset
INFO 2025-11-13 22:40:02,387 bigquery_manager BigQuery conectado: agro-data-476422.agro_dataset
INFO 2025-11-13 22:40:02,896 bigquery_manager BigQuery conectado: agro-data-476422.agro_dataset
ERROR 2025-11-13 22:40:03,809 bigquery_manager Erro de SQL: Unrecognized name: b at [19:24]

Location: US
Job ID: dd03cc0f-bd3d-4459-97bd-2dddc4c56dc8

INFO 2025-11-13 22:43:02,762 bigquery_manager BigQuery conectado: agro-data-476422.agro_dataset
INFO 2025-11-13 22:43:04,992 bigquery_manager Query executou com sucesso: 1 linhas retornadas
INFO 2025-11-13 22:43:07,002 bigquery_manager BigQuery conectado: agro-data-476422.agro_dataset
INFO 2025-11-13 22:43:09,390 bigquery_manager Query executou com sucesso: 1 linhas retornadas
INFO 2025-11-13 22:43:09,900 bigquery_manager BigQuery conectado: agro-data-476422.agro_dataset
INFO 2025-11-13 22:43:11,756 bigquery_manager Query executou com sucesso: 1 linhas retornadas
INFO 2025-11-13 22:43:12,266 bigquery_manager BigQuery conectado: agro-data-476422.agro_dataset
INFO 2025-11-13 22:43:13,918 bigquery_manager Query executou com sucesso: 1 linhas retornadas
INFO 2025-11-13 22:43:14,423 bigquery_manager BigQuery conectado: agro-data-476422.agro_dataset
INFO 2025-11-13 22:43:14,932 bigquery_manager BigQuery conectado: agro-data-476422.agro_dataset
ERROR 2025-11-13 22:43:16,054 bigquery_manager Erro de SQL: SELECT list expression references btd.datetime which is neither grouped nor aggregated at [20:45]

Location: US
Job ID: 89945f65-ef9e-4c91-b31d-0432b4c322a0

INFO 2025-11-13 22:43:16,568 bigquery_manager BigQuery conectado: agro-data-476422.agro_dataset
ERROR 2025-11-13 22:43:17,596 bigquery_manager Erro de SQL: SELECT list expression references btd.datetime which is neither grouped nor aggregated at [20:48]

Location: US
Job ID: d2e98236-13b8-49f5-ac3a-3a740d763273

INFO 2025-11-13 22:43:18,105 bigquery_manager BigQuery conectado: agro-data-476422.agro_dataset
ERROR 2025-11-13 22:43:19,238 bigquery_manager Erro de SQL: SELECT list expression references btd.datetime which is neither grouped nor aggregated at [20:46]

Location: US
Job ID: 5a66fd9a-48f9-49a0-8913-2bef6b1aadeb

INFO 2025-11-13 22:43:19,749 bigquery_manager BigQuery conectado: agro-data-476422.agro_dataset
INFO 2025-11-13 22:43:20,256 bigquery_manager BigQuery conectado: agro-data-476422.agro_dataset
INFO 2025-11-13 22:43:20,766 bigquery_manager BigQuery conectado: agro-data-476422.agro_dataset
ERROR 2025-11-13 22:43:21,843 bigquery_manager Erro de SQL: SELECT list expression references btd.datetime which is neither grouped nor aggregated at [20:46]

Location: US
Job ID: cbd1746c-6a18-4019-ba8e-d01fe20f707e

INFO 2025-11-13 22:50:25,677 bigquery_manager BigQuery conectado: agro-data-476422.agro_dataset
INFO 2025-11-13 22:50:29,724 bigquery_manager Query executou com sucesso: 1 linhas retornadas
INFO 2025-11-13 22:50:31,733 bigquery_manager BigQuery conectado: agro-data-476422.agro_dataset
INFO 2025-11-13 22:50:34,049 bigquery_manager Query executou com sucesso: 1 linhas retornadas
INFO 2025-11-13 22:50:34,560 bigquery_manager BigQuery conectado: agro-data-476422.agro_dataset
INFO 2025-11-13 22:50:39,471 bigquery_manager Query executou com sucesso: 1 linhas retornadas
INFO 2025-11-13 22:50:39,981 bigquery_manager BigQuery conectado: agro-data-476422.agro_dataset
INFO 2025-11-13 22:50:43,156 bigquery_manager Query executou com sucesso: 1 linhas retornadas
INFO 2025-11-13 22:50:43,666 bigquery_manager BigQuery conectado: agro-data-476422.agro_dataset
INFO 2025-11-13 22:50:44,176 bigquery_manager BigQuery conectado: agro-data-476422.agro_dataset
ERROR 2025-11-13 22:50:46,316 bigquery_manager Erro de SQL: SELECT list expression references column datetime which is neither grouped nor aggregated at [20:45]

Location: US
Job ID: accecde3-931d-425b-bcbc-5a013e954f14

INFO 2025-11-13 22:50:46,827 bigquery_manager BigQuery conectado: agro-data-476422.agro_dataset
ERROR 2025-11-13 22:50:47,778 bigquery_manager Erro de SQL: SELECT list expression references column datetime which is neither grouped nor aggregated at [20:48]

Location: US
Job ID: 75a1dfff-7f95-476a-a460-b28046f741e2

INFO 2025-11-13 22:50:48,289 bigquery_manager BigQuery conectado: agro-data-476422.agro_dataset
ERROR 2025-11-13 22:50:54,835 bigquery_manager Erro de SQL: SELECT list expression references column datetime which is neither grouped nor aggregated at [20:46]

Location: US
Job ID: 93012ac0-4710-4762-b87e-e1f86e17542a

INFO 2025-11-13 22:50:55,347 bigquery_manager BigQuery conectado: agro-data-476422.agro_dataset
INFO 2025-11-13 22:50:55,856 bigquery_manager BigQuery conectado: agro-data-476422.agro_dataset
INFO 2025-11-13 22:50:56,366 bigquery_manager BigQuery conectado: agro-data-476422.agro_dataset
ERROR 2025-11-13 22:50:58,034 bigquery_manager Erro de SQL: SELECT list expression references column datetime which is neither grouped nor aggregated at [20:46]

Location: US
Job ID: 5867c337-3319-42c7-9bc5-3172ad8b83fc

INFO 2025-11-13 22:53:52,385 bigquery_manager BigQuery conectado: agro-data-476422.agro_dataset
INFO 2025-11-13 22:53:58,320 bigquery_manager Query executou com sucesso: 1 linhas retornadas
INFO 2025-11-13 22:54:45,459 bigquery_manager BigQuery conectado: agro-data-476422.agro_dataset
INFO 2025-11-13 22:54:47,370 bigquery_manager Query executou com sucesso: 1 linhas retornadas
INFO 2025-11-13 22:54:49,380 bigquery_manager BigQuery conectado: agro-data-476422.agro_dataset
INFO 2025-11-13 22:54:53,030 bigquery_manager Query executou com sucesso: 1 linhas retornadas
INFO 2025-11-13 22:54:53,540 bigquery_manager BigQuery conectado: agro-data-476422.agro_dataset
INFO 2025-11-13 22:54:56,654 bigquery_manager Query executou com sucesso: 1 linhas retornadas
INFO 2025-11-13 22:54:57,162 bigquery_manager BigQuery conectado: agro-data-476422.agro_dataset
INFO 2025-11-13 22:55:00,497 bigquery_manager Query executou com sucesso: 1 linhas retornadas
INFO 2025-11-13 22:55:01,007 bigquery_manager BigQuery conectado: agro-data-476422.agro_dataset
INFO 2025-11-13 22:55:01,514 bigquery_manager BigQuery conectado: agro-data-476422.agro_dataset
ERROR 2025-11-13 22:55:03,653 bigquery_manager Erro de SQL: Cannot query over table 'agro-data-476422.agro_dataset.travel' without a filter over column(s) 'datetime' that can be used for partition elimination

Location: US
Job ID: cb039b41-d652-4d8d-85ba-86f27a9b2b6f

INFO 2025-11-13 22:55:04,167 bigquery_manager BigQuery conectado: agro-data-476422.agro_dataset
ERROR 2025-11-13 22:55:05,791 bigquery_manager Erro de SQL: Cannot query over table 'agro-data-476422.agro_dataset.travel' without a filter over column(s) 'datetime' that can be used for partition elimination

Location: US
Job ID: 2879ae86-0bc9-4d88-832b-91e69f352297

INFO 2025-11-13 22:55:06,302 bigquery_manager BigQuery conectado: agro-data-476422.agro_dataset
ERROR 2025-11-13 22:55:07,263 bigquery_manager Erro de SQL: Cannot query over table 'agro-data-476422.agro_dataset.travel' without a filter over column(s) 'datetime' that can be used for partition elimination

Location: US
Job ID: 921c83e8-3fd6-41b3-873f-7c12cbb46177

INFO 2025-11-13 22:55:07,773 bigquery_manager BigQuery conectado: agro-data-476422.agro_dataset
INFO 2025-11-13 22:55:08,283 bigquery_manager BigQuery conectado: agro-data-476422.agro_dataset
INFO 2025-11-13 22:55:08,793 bigquery_manager BigQuery conectado: agro-data-476422.agro_dataset
ERROR 2025-11-13 22:55:09,804 bigquery_manager Erro de SQL: Cannot query over table 'agro-data-476422.agro_dataset.travel' without a filter over column(s) 'datetime' that can be used for partition elimination

Location: US
Job ID: 929a4b18-125a-409f-b499-8cd2bb95662b

INFO 2025-11-13 22:58:06,468 bigquery_manager BigQuery conectado: agro-data-476422.agro_dataset
INFO 2025-11-13 22:58:08,913 bigquery_manager Query executou com sucesso: 1 linhas retornadas
INFO 2025-11-13 22:58:10,925 bigquery_manager BigQuery conectado: agro-data-476422.agro_dataset
INFO 2025-11-13 22:58:13,047 bigquery_manager Query executou com sucesso: 1 linhas retornadas
INFO 2025-11-13 22:58:13,558 bigquery_manager BigQuery conectado: agro-data-476422.agro_dataset
INFO 2025-11-13 22:58:15,936 bigquery_manager Query executou com sucesso: 1 linhas retornadas
INFO 2025-11-13 22:58:16,447 bigquery_manager BigQuery conectado: agro-data-476422.agro_dataset
INFO 2025-11-13 22:58:20,896 bigquery_manager Query executou com sucesso: 1 linhas retornadas
INFO 2025-11-13 22:58:21,406 bigquery_manager BigQuery conectado: agro-data-476422.agro_dataset
INFO 2025-11-13 22:58:21,915 bigquery_manager BigQuery conectado: agro-data-476422.agro_dataset
INFO 2025-11-13 22:58:25,008 bigquery_manager Query executou com sucesso: 2 linhas retornadas
INFO 2025-11-13 22:58:25,517 bigquery_manager BigQuery conectado: agro-data-476422.agro_dataset
INFO 2025-11-13 22:58:27,368 bigquery_manager Query executou com sucesso: 1 linhas retornadas
INFO 2025-11-13 22:58:27,877 bigquery_manager BigQuery conectado: agro-data-476422.agro_dataset
INFO 2025-11-13 22:58:31,115 bigquery_manager Query executou com sucesso: 2 linhas retornadas
INFO 2025-11-13 22:58:31,623 bigquery_manager BigQuery conectado: agro-data-476422.agro_dataset
INFO 2025-11-13 22:58:32,133 bigquery_manager BigQuery conectado: agro-data-476422.agro_dataset
INFO 2025-11-13 22:58:32,642 bigquery_manager BigQuery conectado: agro-data-476422.agro_dataset
INFO 2025-11-13 22:58:36,376 bigquery_manager Query executou com sucesso: 0 linhas retornadas
INFO 2025-11-14 00:57:15,531 bigquery_manager BigQuery conectado: agro-data-476422.agro_dataset
INFO 2025-11-14 00:57:17,861 bigquery_manager Query executou com sucesso: 8 linhas retornadas
INFO 2025-11-14 00:57:18,945 bigquery_manager Query executou com sucesso: 1 linhas retornadas
INFO 2025-11-14 00:57:20,959 bigquery_manager BigQuery conectado: agro-data-476422.agro_dataset
INFO 2025-11-14 00:57:22,464 bigquery_manager Query executou com sucesso: 8 linhas retornadas
INFO 2025-11-14 00:57:23,744 bigquery_manager Query executou com sucesso: 1 linhas retornadas
INFO 2025-11-14 00:57:23,754 bigquery_manager BigQuery conectado: agro-data-476422.agro_dataset
INFO 2025-11-14 00:57:25,332 bigquery_manager Query executou com sucesso: 1 linhas retornadas
INFO 2025-11-14 00:57:26,253 bigquery_manager 1 linhas inseridas em travel
INFO 2025-11-14 00:57:29,263 bigquery_manager BigQuery conectado: agro-data-476422.agro_dataset
ERROR 2025-11-14 00:57:30,142 bigquery_manager Erro de SQL: Cannot query over table 'agro-data-476422.agro_dataset.travel' without a filter over column(s) 'datetime' that can be used for partition elimination

Location: US
Job ID: d3bc4a76-f7e0-4d9f-8505-1eb52bdd3598

INFO 2025-11-14 00:57:30,152 bigquery_manager BigQuery conectado: agro-data-476422.agro_dataset
ERROR 2025-11-14 00:57:30,961 bigquery_manager Erro de SQL: Cannot query over table 'agro-data-476422.agro_dataset.travel' without a filter over column(s) 'datetime' that can be used for partition elimination

Location: US
Job ID: 3224847a-e788-421e-8276-aa21ffb64cf4

INFO 2025-11-14 00:57:30,971 bigquery_manager BigQuery conectado: agro-data-476422.agro_dataset
INFO 2025-11-14 00:57:32,599 bigquery_manager Query executou com sucesso: 0 linhas retornadas
INFO 2025-11-14 00:57:32,605 bigquery_manager BigQuery conectado: agro-data-476422.agro_dataset
INFO 2025-11-14 00:57:34,622 bigquery_manager BigQuery conectado: agro-data-476422.agro_dataset
ERROR 2025-11-14 00:57:35,465 bigquery_manager Erro de SQL: Cannot query over table 'agro-data-476422.agro_dataset.travel' without a filter over column(s) 'datetime' that can be used for partition elimination

Location: US
Job ID: fe434fac-505a-4a9e-a799-cb9e6ead0f43

INFO 2025-11-14 00:57:35,473 bigquery_manager BigQuery conectado: agro-data-476422.agro_dataset
INFO 2025-11-14 00:57:37,517 bigquery_manager Query executou com sucesso: 5 linhas retornadas
INFO 2025-11-14 00:57:38,843 bigquery_manager Query executou com sucesso: 1 linhas retornadas
INFO 2025-11-14 00:57:38,853 bigquery_manager BigQuery conectado: agro-data-476422.agro_dataset
INFO 2025-11-14 00:57:40,790 bigquery_manager Query executou com sucesso: 1 linhas retornadas
INFO 2025-11-14 00:57:42,018 bigquery_manager Query executou com sucesso: 1 linhas retornadas
INFO 2025-11-14 00:57:42,025 bigquery_manager BigQuery conectado: agro-data-476422.agro_dataset
INFO 2025-11-14 00:57:43,865 bigquery_manager Query executou com sucesso: 0 linhas retornadas
INFO 2025-11-14 00:57:45,090 bigquery_manager Query executou com sucesso: 1 linhas retornadas
INFO 2025-11-14 00:57:45,098 bigquery_manager BigQuery conectado: agro-data-476422.agro_dataset
INFO 2025-11-14 00:57:47,141 bigquery_manager Query executou com sucesso: 5 linhas retornadas
INFO 2025-11-14 00:57:48,468 bigquery_manager Query executou com sucesso: 1 linhas retornadas
INFO 2025-11-14 00:57:48,477 bigquery_manager BigQuery conectado: agro-data-476422.agro_dataset
ERROR 2025-11-14 00:57:49,393 bigquery_manager Erro de SQL: Cannot query over table 'agro-data-476422.agro_dataset.travel' without a filter over column(s) 'datetime' that can be used for partition elimination

Location: US
Job ID: ca594fa7-7489-4904-a145-3f89e25c28ab

INFO 2025-11-14 00:57:49,401 bigquery_manager BigQuery conectado: agro-data-476422.agro_dataset
INFO 2025-11-14 00:57:49,412 bigquery_manager BigQuery conectado: agro-data-476422.agro_dataset
INFO 2025-11-14 10:57:48,081 bigquery_manager BigQuery conectado: agro-data-476422.agro_dataset
INFO 2025-11-14 10:57:50,290 bigquery_manager Query executou com sucesso: 8 linhas retornadas
INFO 2025-11-14 10:57:51,365 bigquery_manager Query executou com sucesso: 1 linhas retornadas
INFO 2025-11-14 10:57:53,376 bigquery_manager BigQuery conectado: agro-data-476422.agro_dataset
INFO 2025-11-14 10:57:54,875 bigquery_manager Query executou com sucesso: 8 linhas retornadas
INFO 2025-11-14 10:57:55,899 bigquery_manager Query executou com sucesso: 1 linhas retornadas
INFO 2025-11-14 10:57:55,909 bigquery_manager BigQuery conectado: agro-data-476422.agro_dataset
INFO 2025-11-14 10:57:57,549 bigquery_manager Query executou com sucesso: 1 linhas retornadas
INFO 2025-11-14 10:57:58,329 bigquery_manager 1 linhas inseridas em travel
INFO 2025-11-14 10:58:01,336 bigquery_manager BigQuery conectado: agro-data-476422.agro_dataset
ERROR 2025-11-14 10:58:02,129 bigquery_manager Erro de SQL: Cannot query over table 'agro-data-476422.agro_dataset.travel' without a filter over column(s) 'datetime' that can be used for partition elimination

Location: US
Job ID: 1ce06a29-f299-4595-81ef-2ae7c310414a

INFO 2025-11-14 10:58:02,155 bigquery_manager BigQuery conectado: agro-data-476422.agro_dataset
ERROR 2025-11-14 10:58:03,065 bigquery_manager Erro de SQL: Cannot query over table 'agro-data-476422.agro_dataset.travel' without a filter over column(s) 'datetime' that can be used for partition elimination

Location: US
Job ID: 4b94be9e-7c09-4fae-9c3f-198df8ca3863

INFO 2025-11-14 10:58:03,074 bigquery_manager BigQuery conectado: agro-data-476422.agro_dataset
INFO 2025-11-14 10:58:04,758 bigquery_manager Query executou com sucesso: 0 linhas retornadas
INFO 2025-11-14 10:58:04,766 bigquery_manager BigQuery conectado: agro-data-476422.agro_dataset
INFO 2025-11-14 10:58:06,795 bigquery_manager BigQuery conectado: agro-data-476422.agro_dataset
ERROR 2025-11-14 10:58:07,619 bigquery_manager Erro de SQL: Cannot query over table 'agro-data-476422.agro_dataset.travel' without a filter over column(s) 'datetime' that can be used for partition elimination

Location: US
Job ID: 036f570e-df3c-4405-8e14-2e65b4160fb5

INFO 2025-11-14 10:58:07,629 bigquery_manager BigQuery conectado: agro-data-476422.agro_dataset
INFO 2025-11-14 10:58:09,300 bigquery_manager Query executou com sucesso: 5 linhas retornadas
INFO 2025-11-14 10:58:10,500 bigquery_manager Query executou com sucesso: 1 linhas retornadas
INFO 2025-11-14 10:58:10,508 bigquery_manager BigQuery conectado: agro-data-476422.agro_dataset
INFO 2025-11-14 10:58:12,180 bigquery_manager Query executou com sucesso: 1 linhas retornadas
INFO 2025-11-14 10:58:13,415 bigquery_manager Query executou com sucesso: 1 linhas retornadas
INFO 2025-11-14 10:58:13,422 bigquery_manager BigQuery conectado: agro-data-476422.agro_dataset
INFO 2025-11-14 10:58:15,644 bigquery_manager Query executou com sucesso: 0 linhas retornadas
INFO 2025-11-14 10:58:16,718 bigquery_manager Query executou com sucesso: 1 linhas retornadas
INFO 2025-11-14 10:58:16,725 bigquery_manager BigQuery conectado: agro-data-476422.agro_dataset
INFO 2025-11-14 10:58:18,642 bigquery_manager Query executou com sucesso: 5 linhas retornadas
INFO 2025-11-14 10:58:19,696 bigquery_manager Query executou com sucesso: 1 linhas retornadas
INFO 2025-11-14 10:58:19,705 bigquery_manager BigQuery conectado: agro-data-476422.agro_dataset
ERROR 2025-11-14 10:58:20,642 bigquery_manager Erro de SQL: Cannot query over table 'agro-data-476422.agro_dataset.travel' without a filter over column(s) 'datetime' that can be used for partition elimination

Location: US
Job ID: 8541c479-306e-4c52-833f-5a6f9b53bf2a

INFO 2025-11-14 10:58:20,650 bigquery_manager BigQuery conectado: agro-data-476422.agro_dataset
INFO 2025-11-14 10:58:20,664 bigquery_manager BigQuery conectado: agro-data-476422.agro_dataset
INFO 2025-11-14 10:58:45,229 bigquery_manager BigQuery conectado: agro-data-476422.agro_dataset
ERROR 2025-11-14 10:58:46,289 bigquery_manager Erro de SQL: Cannot query over table 'agro-data-476422.agro_dataset.travel' without a filter over column(s) 'datetime' that can be used for partition elimination

Location: US
Job ID: c9418d01-ae57-4919-ba2a-fb8cb164fb4b

INFO 2025-11-14 11:34:09,794 bigquery_manager BigQuery conectado: agro-data-476422.agro_dataset
INFO 2025-11-14 11:34:16,357 bigquery_manager Query executou com sucesso: 8 linhas retornadas
INFO 2025-11-14 11:34:17,894 bigquery_manager Query executou com sucesso: 1 linhas retornadas
INFO 2025-11-14 11:34:24,715 bigquery_manager BigQuery conectado: agro-data-476422.agro_dataset
INFO 2025-11-14 11:34:26,726 bigquery_manager Query executou com sucesso: 8 linhas retornadas
INFO 2025-11-14 11:34:28,542 bigquery_manager Query executou com sucesso: 1 linhas retornadas
INFO 2025-11-14 11:34:30,553 bigquery_manager BigQuery conectado: agro-data-476422.agro_dataset
INFO 2025-11-14 11:34:32,638 bigquery_manager Query executou com sucesso: 8 linhas retornadas
INFO 2025-11-14 11:34:33,912 bigquery_manager Query executou com sucesso: 1 linhas retornadas
INFO 2025-11-14 11:34:33,921 bigquery_manager BigQuery conectado: agro-data-476422.agro_dataset
INFO 2025-11-14 11:34:35,613 bigquery_manager Query executou com sucesso: 1 linhas retornadas
INFO 2025-11-14 11:34:36,633 bigquery_manager 1 linhas inseridas em travel
INFO 2025-11-14 11:34:39,644 bigquery_manager BigQuery conectado: agro-data-476422.agro_dataset
INFO 2025-11-14 11:34:41,790 bigquery_manager Query executou com sucesso: 1 linhas retornadas
INFO 2025-11-14 11:34:41,808 bigquery_manager BigQuery conectado: agro-data-476422.agro_dataset
INFO 2025-11-14 11:34:43,798 bigquery_manager Query executou com sucesso: 1 linhas retornadas
WARNING 2025-11-14 11:34:43,799 bigquery_manager Executando UPDATE (operação cara!): 
            UPDATE `agro-data-476422.agro_dataset.travel`
            SET garage_name = 'Garagem ATUALIZADA - 11:34:41', updated_at = '2025-11-14T14:34:43.799829'
            WHERE id = '074e7d49-cef
ERROR 2025-11-14 11:34:45,051 bigquery_manager Erro ao atualizar travel: 400 UPDATE or DELETE statement over table agro-data-476422.agro_dataset.travel would affect rows in the streaming buffer, which is not supported

Location: US
Job ID: 9013bf5a-c7dd-47bf-a1c0-ac5bf002b619

INFO 2025-11-14 11:34:45,059 bigquery_manager BigQuery conectado: agro-data-476422.agro_dataset
INFO 2025-11-14 11:34:46,872 bigquery_manager Query executou com sucesso: 0 linhas retornadas
INFO 2025-11-14 11:34:46,880 bigquery_manager BigQuery conectado: agro-data-476422.agro_dataset
INFO 2025-11-14 11:34:48,897 bigquery_manager BigQuery conectado: agro-data-476422.agro_dataset
INFO 2025-11-14 11:34:50,866 bigquery_manager Query executou com sucesso: 0 linhas retornadas
INFO 2025-11-14 11:34:50,873 bigquery_manager BigQuery conectado: agro-data-476422.agro_dataset
INFO 2025-11-14 11:34:53,124 bigquery_manager Query executou com sucesso: 5 linhas retornadas
INFO 2025-11-14 11:34:54,553 bigquery_manager Query executou com sucesso: 1 linhas retornadas
INFO 2025-11-14 11:34:54,561 bigquery_manager BigQuery conectado: agro-data-476422.agro_dataset
INFO 2025-11-14 11:34:56,804 bigquery_manager Query executou com sucesso: 1 linhas retornadas
INFO 2025-11-14 11:34:58,443 bigquery_manager Query executou com sucesso: 1 linhas retornadas
INFO 2025-11-14 11:34:58,451 bigquery_manager BigQuery conectado: agro-data-476422.agro_dataset
INFO 2025-11-14 11:35:00,288 bigquery_manager Query executou com sucesso: 0 linhas retornadas
INFO 2025-11-14 11:35:01,465 bigquery_manager Query executou com sucesso: 1 linhas retornadas
INFO 2025-11-14 11:35:01,473 bigquery_manager BigQuery conectado: agro-data-476422.agro_dataset
INFO 2025-11-14 11:35:03,667 bigquery_manager Query executou com sucesso: 5 linhas retornadas
INFO 2025-11-14 11:35:05,008 bigquery_manager Query executou com sucesso: 1 linhas retornadas
INFO 2025-11-14 11:35:05,018 bigquery_manager BigQuery conectado: agro-data-476422.agro_dataset
INFO 2025-11-14 11:35:06,838 bigquery_manager Query executou com sucesso: 0 linhas retornadas
INFO 2025-11-14 11:35:06,852 bigquery_manager BigQuery conectado: agro-data-476422.agro_dataset
INFO 2025-11-14 11:35:06,861 bigquery_manager BigQuery conectado: agro-data-476422.agro_dataset
INFO 2025-11-14 11:36:11,120 bigquery_manager BigQuery conectado: agro-data-476422.agro_dataset
INFO 2025-11-14 11:36:13,193 bigquery_manager Query executou com sucesso: 1 linhas retornadas
WARNING 2025-11-14 11:36:13,193 bigquery_manager Executando DELETE (operação cara!): 
            DELETE FROM `agro-data-476422.agro_dataset.stop`
            WHERE travel_id = '074e7d49-cef9-4b7d-bfe6-c271db356296'
            
INFO 2025-11-14 11:36:15,458 bigquery_manager DELETE executado em stop
WARNING 2025-11-14 11:36:15,458 bigquery_manager Executando DELETE (operação cara!): 
            DELETE FROM `agro-data-476422.agro_dataset.bill`
            WHERE travel_id = '074e7d49-cef9-4b7d-bfe6-c271db356296'
            
INFO 2025-11-14 11:36:17,702 bigquery_manager DELETE executado em bill
WARNING 2025-11-14 11:36:17,702 bigquery_manager Executando DELETE (operação cara!): 
            DELETE FROM `agro-data-476422.agro_dataset.travel`
            WHERE id = '074e7d49-cef9-4b7d-bfe6-c271db356296' AND datetime >= '2022-11-15'
            
ERROR 2025-11-14 11:36:19,235 bigquery_manager Erro ao deletar de travel: 400 UPDATE or DELETE statement over table agro-data-476422.agro_dataset.travel would affect rows in the streaming buffer, which is not supported

Location: US
Job ID: 8905c258-76cf-434d-9856-bd19021162fc

INFO 2025-11-14 14:29:35,324 bigquery_manager BigQuery conectado: agro-data-476422.agro_dataset
INFO 2025-11-14 14:29:37,532 bigquery_manager Query executou com sucesso: 8 linhas retornadas
INFO 2025-11-14 14:29:38,862 bigquery_manager Query executou com sucesso: 1 linhas retornadas
INFO 2025-11-14 14:29:40,872 bigquery_manager BigQuery conectado: agro-data-476422.agro_dataset
INFO 2025-11-14 14:29:42,355 bigquery_manager Query executou com sucesso: 8 linhas retornadas
INFO 2025-11-14 14:29:43,470 bigquery_manager Query executou com sucesso: 1 linhas retornadas
INFO 2025-11-14 14:29:43,478 bigquery_manager BigQuery conectado: agro-data-476422.agro_dataset
INFO 2025-11-14 14:29:44,902 bigquery_manager Query executou com sucesso: 1 linhas retornadas
INFO 2025-11-14 14:29:45,720 bigquery_manager 1 linhas inseridas em travel
INFO 2025-11-14 14:29:48,728 bigquery_manager BigQuery conectado: agro-data-476422.agro_dataset
INFO 2025-11-14 14:29:50,434 bigquery_manager Query executou com sucesso: 1 linhas retornadas
INFO 2025-11-14 14:29:50,441 bigquery_manager BigQuery conectado: agro-data-476422.agro_dataset
INFO 2025-11-14 14:29:52,010 bigquery_manager Query executou com sucesso: 1 linhas retornadas
INFO 2025-11-14 14:29:52,010 bigquery_manager Executando MERGE em travel: 
            MERGE `agro-data-476422.agro_dataset.travel` target
            USING (SELECT 'Garagem ATUALIZADA - 14:29:50' as garage_name, '71efbd8b-63ca-40bf-a3bf-497e6c1ab190' as id, '2025-11-14T17:
ERROR 2025-11-14 14:29:53,404 bigquery_manager Erro ao executar MERGE em travel: 400 Value of type STRING cannot be assigned to target.updated_at, which has type TIMESTAMP at [6:85]

Location: US
Job ID: a45d60cf-6709-48c2-879e-bc5a389a60f3

INFO 2025-11-14 14:29:53,418 bigquery_manager BigQuery conectado: agro-data-476422.agro_dataset
INFO 2025-11-14 14:29:55,041 bigquery_manager Query executou com sucesso: 0 linhas retornadas
INFO 2025-11-14 14:29:55,049 bigquery_manager BigQuery conectado: agro-data-476422.agro_dataset
INFO 2025-11-14 14:29:57,079 bigquery_manager BigQuery conectado: agro-data-476422.agro_dataset
INFO 2025-11-14 14:29:58,596 bigquery_manager Query executou com sucesso: 0 linhas retornadas
INFO 2025-11-14 14:29:58,602 bigquery_manager BigQuery conectado: agro-data-476422.agro_dataset
INFO 2025-11-14 14:30:00,572 bigquery_manager Query executou com sucesso: 5 linhas retornadas
INFO 2025-11-14 14:30:01,903 bigquery_manager Query executou com sucesso: 1 linhas retornadas
INFO 2025-11-14 14:30:01,911 bigquery_manager BigQuery conectado: agro-data-476422.agro_dataset
INFO 2025-11-14 14:30:03,745 bigquery_manager Query executou com sucesso: 1 linhas retornadas
INFO 2025-11-14 14:30:05,080 bigquery_manager Query executou com sucesso: 1 linhas retornadas
INFO 2025-11-14 14:30:05,087 bigquery_manager BigQuery conectado: agro-data-476422.agro_dataset
INFO 2025-11-14 14:30:06,987 bigquery_manager Query executou com sucesso: 0 linhas retornadas
INFO 2025-11-14 14:30:08,462 bigquery_manager Query executou com sucesso: 1 linhas retornadas
INFO 2025-11-14 14:30:08,468 bigquery_manager BigQuery conectado: agro-data-476422.agro_dataset
INFO 2025-11-14 14:30:10,402 bigquery_manager Query executou com sucesso: 5 linhas retornadas
INFO 2025-11-14 14:30:11,633 bigquery_manager Query executou com sucesso: 1 linhas retornadas
INFO 2025-11-14 14:30:11,641 bigquery_manager BigQuery conectado: agro-data-476422.agro_dataset
INFO 2025-11-14 14:30:13,271 bigquery_manager Query executou com sucesso: 0 linhas retornadas
INFO 2025-11-14 14:30:13,278 bigquery_manager BigQuery conectado: agro-data-476422.agro_dataset
INFO 2025-11-14 14:30:13,289 bigquery_manager BigQuery conectado: agro-data-476422.agro_dataset
INFO 2025-11-14 14:32:21,226 bigquery_manager BigQuery conectado: agro-data-476422.agro_dataset
INFO 2025-11-14 14:32:23,225 bigquery_manager Query executou com sucesso: 1 linhas retornadas
INFO 2025-11-14 14:53:02,994 bigquery_manager BigQuery conectado: agro-data-476422.agro_dataset
INFO 2025-11-14 14:53:05,415 bigquery_manager Query executou com sucesso: 8 linhas retornadas
INFO 2025-11-14 14:53:06,850 bigquery_manager Query executou com sucesso: 1 linhas retornadas
INFO 2025-11-14 14:53:08,862 bigquery_manager BigQuery conectado: agro-data-476422.agro_dataset
INFO 2025-11-14 14:53:10,988 bigquery_manager Query executou com sucesso: 8 linhas retornadas
INFO 2025-11-14 14:53:12,422 bigquery_manager Query executou com sucesso: 1 linhas retornadas
INFO 2025-11-14 14:53:12,431 bigquery_manager BigQuery conectado: agro-data-476422.agro_dataset
INFO 2025-11-14 14:53:13,912 bigquery_manager Query executou com sucesso: 1 linhas retornadas
INFO 2025-11-14 14:53:14,650 bigquery_manager 1 linhas inseridas em travel
INFO 2025-11-14 14:53:17,660 bigquery_manager BigQuery conectado: agro-data-476422.agro_dataset
INFO 2025-11-14 14:53:19,445 bigquery_manager Query executou com sucesso: 1 linhas retornadas
INFO 2025-11-14 14:53:19,452 bigquery_manager BigQuery conectado: agro-data-476422.agro_dataset
INFO 2025-11-14 14:53:21,061 bigquery_manager Query executou com sucesso: 1 linhas retornadas
INFO 2025-11-14 14:53:21,062 bigquery_manager Executando MERGE em travel: 
            MERGE `agro-data-476422.agro_dataset.travel` target
            USING (SELECT 'Garagem ATUALIZADA - 14:53:19' as garage_name, '2b78a46e-67f3-47a0-bf2a-124234eae877' as id, TIMESTAMP('2025
ERROR 2025-11-14 14:53:22,367 bigquery_manager Erro ao executar MERGE em travel: 400 Cannot query over table 'agro-data-476422.agro_dataset.travel' without a filter over column(s) 'datetime' that can be used for partition elimination

Location: US
Job ID: b7373dac-7a75-4417-bee4-75622bc4cb0e

INFO 2025-11-14 14:53:22,374 bigquery_manager BigQuery conectado: agro-data-476422.agro_dataset
INFO 2025-11-14 14:53:23,955 bigquery_manager Query executou com sucesso: 0 linhas retornadas
INFO 2025-11-14 14:53:23,962 bigquery_manager BigQuery conectado: agro-data-476422.agro_dataset
INFO 2025-11-14 14:53:25,580 bigquery_manager Query executou com sucesso: 1 linhas retornadas
INFO 2025-11-14 14:53:27,961 bigquery_manager BigQuery conectado: agro-data-476422.agro_dataset
INFO 2025-11-14 14:53:29,811 bigquery_manager Query executou com sucesso: 0 linhas retornadas
INFO 2025-11-14 14:53:29,818 bigquery_manager BigQuery conectado: agro-data-476422.agro_dataset
INFO 2025-11-14 14:53:31,974 bigquery_manager Query executou com sucesso: 5 linhas retornadas
INFO 2025-11-14 14:53:33,241 bigquery_manager Query executou com sucesso: 1 linhas retornadas
INFO 2025-11-14 14:53:33,249 bigquery_manager BigQuery conectado: agro-data-476422.agro_dataset
INFO 2025-11-14 14:53:35,422 bigquery_manager Query executou com sucesso: 1 linhas retornadas
INFO 2025-11-14 14:53:36,614 bigquery_manager Query executou com sucesso: 1 linhas retornadas
INFO 2025-11-14 14:53:36,622 bigquery_manager BigQuery conectado: agro-data-476422.agro_dataset
INFO 2025-11-14 14:53:38,447 bigquery_manager Query executou com sucesso: 0 linhas retornadas
INFO 2025-11-14 14:53:39,656 bigquery_manager Query executou com sucesso: 1 linhas retornadas
INFO 2025-11-14 14:53:39,662 bigquery_manager BigQuery conectado: agro-data-476422.agro_dataset
INFO 2025-11-14 14:53:41,604 bigquery_manager Query executou com sucesso: 5 linhas retornadas
INFO 2025-11-14 14:53:42,924 bigquery_manager Query executou com sucesso: 1 linhas retornadas
INFO 2025-11-14 14:53:42,931 bigquery_manager BigQuery conectado: agro-data-476422.agro_dataset
INFO 2025-11-14 14:53:44,761 bigquery_manager Query executou com sucesso: 0 linhas retornadas
INFO 2025-11-14 14:53:44,767 bigquery_manager BigQuery conectado: agro-data-476422.agro_dataset
INFO 2025-11-14 14:53:44,780 bigquery_manager BigQuery conectado: agro-data-476422.agro_dataset
INFO 2025-11-14 14:53:46,687 bigquery_manager Query executou com sucesso: 0 linhas retornadas
INFO 2025-11-14 14:53:57,794 bigquery_manager BigQuery conectado: agro-data-476422.agro_dataset
INFO 2025-11-14 14:53:59,589 bigquery_manager Query executou com sucesso: 1 linhas retornadas
INFO 2025-11-14 15:03:44,979 bigquery_manager BigQuery conectado: agro-data-476422.agro_dataset
INFO 2025-11-14 15:03:47,219 bigquery_manager Query executou com sucesso: 8 linhas retornadas
INFO 2025-11-14 15:03:48,640 bigquery_manager Query executou com sucesso: 1 linhas retornadas
INFO 2025-11-14 15:03:50,650 bigquery_manager BigQuery conectado: agro-data-476422.agro_dataset
INFO 2025-11-14 15:03:52,533 bigquery_manager Query executou com sucesso: 8 linhas retornadas
INFO 2025-11-14 15:03:53,864 bigquery_manager Query executou com sucesso: 1 linhas retornadas
INFO 2025-11-14 15:03:53,874 bigquery_manager BigQuery conectado: agro-data-476422.agro_dataset
INFO 2025-11-14 15:03:55,400 bigquery_manager Query executou com sucesso: 1 linhas retornadas
INFO 2025-11-14 15:03:56,114 bigquery_manager 1 linhas inseridas em travel
INFO 2025-11-14 15:03:59,122 bigquery_manager BigQuery conectado: agro-data-476422.agro_dataset
INFO 2025-11-14 15:04:00,935 bigquery_manager Query executou com sucesso: 1 linhas retornadas
INFO 2025-11-14 15:04:00,942 bigquery_manager BigQuery conectado: agro-data-476422.agro_dataset
INFO 2025-11-14 15:04:02,669 bigquery_manager Query executou com sucesso: 1 linhas retornadas
INFO 2025-11-14 15:04:02,680 bigquery_manager BigQuery conectado: agro-data-476422.agro_dataset
INFO 2025-11-14 15:04:04,615 bigquery_manager Query executou com sucesso: 0 linhas retornadas
INFO 2025-11-14 15:04:04,620 bigquery_manager BigQuery conectado: agro-data-476422.agro_dataset
INFO 2025-11-14 15:04:06,303 bigquery_manager Query executou com sucesso: 1 linhas retornadas
INFO 2025-11-14 15:04:07,168 bigquery_manager 1 linhas inseridas em bill
INFO 2025-11-14 15:04:09,176 bigquery_manager BigQuery conectado: agro-data-476422.agro_dataset
INFO 2025-11-14 15:04:10,964 bigquery_manager Query executou com sucesso: 1 linhas retornadas
INFO 2025-11-14 15:04:10,971 bigquery_manager BigQuery conectado: agro-data-476422.agro_dataset
INFO 2025-11-14 15:04:13,110 bigquery_manager Query executou com sucesso: 5 linhas retornadas
INFO 2025-11-14 15:04:14,402 bigquery_manager Query executou com sucesso: 1 linhas retornadas
INFO 2025-11-14 15:04:14,409 bigquery_manager BigQuery conectado: agro-data-476422.agro_dataset
INFO 2025-11-14 15:04:16,792 bigquery_manager Query executou com sucesso: 1 linhas retornadas
INFO 2025-11-14 15:04:18,133 bigquery_manager Query executou com sucesso: 1 linhas retornadas
INFO 2025-11-14 15:04:18,139 bigquery_manager BigQuery conectado: agro-data-476422.agro_dataset
INFO 2025-11-14 15:04:19,862 bigquery_manager Query executou com sucesso: 0 linhas retornadas
INFO 2025-11-14 15:04:21,212 bigquery_manager Query executou com sucesso: 1 linhas retornadas
INFO 2025-11-14 15:04:21,219 bigquery_manager BigQuery conectado: agro-data-476422.agro_dataset
INFO 2025-11-14 15:04:24,062 bigquery_manager Query executou com sucesso: 5 linhas retornadas
INFO 2025-11-14 15:04:25,396 bigquery_manager Query executou com sucesso: 1 linhas retornadas
INFO 2025-11-14 15:04:25,402 bigquery_manager BigQuery conectado: agro-data-476422.agro_dataset
INFO 2025-11-14 15:04:27,136 bigquery_manager Query executou com sucesso: 0 linhas retornadas
INFO 2025-11-14 15:04:27,145 bigquery_manager BigQuery conectado: agro-data-476422.agro_dataset
INFO 2025-11-14 15:04:27,162 bigquery_manager BigQuery conectado: agro-data-476422.agro_dataset
INFO 2025-11-14 15:04:29,081 bigquery_manager Query executou com sucesso: 0 linhas retornadas
INFO 2025-11-14 15:04:41,985 bigquery_manager BigQuery conectado: agro-data-476422.agro_dataset
INFO 2025-11-14 15:04:43,615 bigquery_manager Query executou com sucesso: 1 linhas retornadas
INFO 2025-11-14 15:12:15,330 bigquery_manager BigQuery conectado: agro-data-476422.agro_dataset
INFO 2025-11-14 15:12:17,387 bigquery_manager Query executou com sucesso: 8 linhas retornadas
INFO 2025-11-14 15:12:18,630 bigquery_manager Query executou com sucesso: 1 linhas retornadas
INFO 2025-11-14 15:12:20,642 bigquery_manager BigQuery conectado: agro-data-476422.agro_dataset
INFO 2025-11-14 15:12:22,627 bigquery_manager Query executou com sucesso: 8 linhas retornadas
INFO 2025-11-14 15:12:23,858 bigquery_manager Query executou com sucesso: 1 linhas retornadas
INFO 2025-11-14 15:12:23,866 bigquery_manager BigQuery conectado: agro-data-476422.agro_dataset
INFO 2025-11-14 15:12:25,388 bigquery_manager Query executou com sucesso: 1 linhas retornadas
INFO 2025-11-14 15:12:26,002 bigquery_manager 1 linhas inseridas em travel
INFO 2025-11-14 15:12:29,012 bigquery_manager BigQuery conectado: agro-data-476422.agro_dataset
INFO 2025-11-14 15:12:30,612 bigquery_manager Query executou com sucesso: 1 linhas retornadas
INFO 2025-11-14 15:12:30,620 bigquery_manager BigQuery conectado: agro-data-476422.agro_dataset
INFO 2025-11-14 15:12:32,118 bigquery_manager Query executou com sucesso: 1 linhas retornadas
INFO 2025-11-14 15:12:32,119 bigquery_manager Executando MERGE em travel: 
            MERGE `agro-data-476422.agro_dataset.travel` target
            USING (SELECT 'Garagem ATUALIZADA - 15:12:30' as garage_name, '9fc4ada5-2282-447b-847c-5cbce7c4b3b1' as id, TIMESTAMP('2025
ERROR 2025-11-14 15:12:33,381 bigquery_manager Erro ao executar MERGE em travel: 400 Cannot query over table 'agro-data-476422.agro_dataset.travel' without a filter over column(s) 'datetime' that can be used for partition elimination

Location: US
Job ID: 5bd4c1e6-be12-4db9-9fa0-f222dab3f664

INFO 2025-11-14 15:12:33,389 bigquery_manager BigQuery conectado: agro-data-476422.agro_dataset
INFO 2025-11-14 15:12:34,911 bigquery_manager Query executou com sucesso: 0 linhas retornadas
INFO 2025-11-14 15:12:34,917 bigquery_manager BigQuery conectado: agro-data-476422.agro_dataset
INFO 2025-11-14 15:12:36,546 bigquery_manager Query executou com sucesso: 1 linhas retornadas
INFO 2025-11-14 15:12:37,060 bigquery_manager 1 linhas inseridas em bill
INFO 2025-11-14 15:12:39,069 bigquery_manager BigQuery conectado: agro-data-476422.agro_dataset
INFO 2025-11-14 15:12:40,801 bigquery_manager Query executou com sucesso: 1 linhas retornadas
INFO 2025-11-14 15:12:40,806 bigquery_manager BigQuery conectado: agro-data-476422.agro_dataset
INFO 2025-11-14 15:12:42,692 bigquery_manager Query executou com sucesso: 5 linhas retornadas
INFO 2025-11-14 15:12:43,922 bigquery_manager Query executou com sucesso: 1 linhas retornadas
INFO 2025-11-14 15:12:43,927 bigquery_manager BigQuery conectado: agro-data-476422.agro_dataset
INFO 2025-11-14 15:12:45,772 bigquery_manager Query executou com sucesso: 1 linhas retornadas
INFO 2025-11-14 15:12:46,996 bigquery_manager Query executou com sucesso: 1 linhas retornadas
INFO 2025-11-14 15:12:47,005 bigquery_manager BigQuery conectado: agro-data-476422.agro_dataset
INFO 2025-11-14 15:12:48,937 bigquery_manager Query executou com sucesso: 0 linhas retornadas
INFO 2025-11-14 15:12:50,070 bigquery_manager Query executou com sucesso: 1 linhas retornadas
INFO 2025-11-14 15:12:50,077 bigquery_manager BigQuery conectado: agro-data-476422.agro_dataset
INFO 2025-11-14 15:12:51,904 bigquery_manager Query executou com sucesso: 5 linhas retornadas
INFO 2025-11-14 15:12:53,139 bigquery_manager Query executou com sucesso: 1 linhas retornadas
INFO 2025-11-14 15:12:53,148 bigquery_manager BigQuery conectado: agro-data-476422.agro_dataset
INFO 2025-11-14 15:12:54,880 bigquery_manager Query executou com sucesso: 0 linhas retornadas
INFO 2025-11-14 15:12:54,886 bigquery_manager BigQuery conectado: agro-data-476422.agro_dataset
INFO 2025-11-14 15:12:54,903 bigquery_manager BigQuery conectado: agro-data-476422.agro_dataset
INFO 2025-11-14 15:12:56,516 bigquery_manager Query executou com sucesso: 0 linhas retornadas
INFO 2025-11-14 15:16:29,489 bigquery_manager BigQuery conectado: agro-data-476422.agro_dataset
INFO 2025-11-14 15:16:31,639 bigquery_manager Query executou com sucesso: 1 linhas retornadas
INFO 2025-11-14 15:29:59,305 bigquery_manager BigQuery conectado: agro-data-476422.agro_dataset
INFO 2025-11-14 15:30:01,705 bigquery_manager Query executou com sucesso: 8 linhas retornadas
INFO 2025-11-14 15:30:03,213 bigquery_manager Query executou com sucesso: 1 linhas retornadas
INFO 2025-11-14 15:30:05,224 bigquery_manager BigQuery conectado: agro-data-476422.agro_dataset
INFO 2025-11-14 15:30:07,426 bigquery_manager Query executou com sucesso: 8 linhas retornadas
INFO 2025-11-14 15:30:08,851 bigquery_manager Query executou com sucesso: 1 linhas retornadas
INFO 2025-11-14 15:30:08,860 bigquery_manager BigQuery conectado: agro-data-476422.agro_dataset
INFO 2025-11-14 15:30:10,483 bigquery_manager Query executou com sucesso: 1 linhas retornadas
INFO 2025-11-14 15:30:11,204 bigquery_manager 1 linhas inseridas em travel
INFO 2025-11-14 15:30:14,213 bigquery_manager BigQuery conectado: agro-data-476422.agro_dataset
INFO 2025-11-14 15:30:15,924 bigquery_manager Query executou com sucesso: 1 linhas retornadas
INFO 2025-11-14 15:30:15,930 bigquery_manager BigQuery conectado: agro-data-476422.agro_dataset
INFO 2025-11-14 15:30:17,650 bigquery_manager Query executou com sucesso: 1 linhas retornadas
INFO 2025-11-14 15:30:17,659 bigquery_manager BigQuery conectado: agro-data-476422.agro_dataset
INFO 2025-11-14 15:30:19,187 bigquery_manager Query executou com sucesso: 0 linhas retornadas
INFO 2025-11-14 15:30:19,195 bigquery_manager BigQuery conectado: agro-data-476422.agro_dataset
INFO 2025-11-14 15:30:20,569 bigquery_manager Query executou com sucesso: 1 linhas retornadas
INFO 2025-11-14 15:30:21,241 bigquery_manager 1 linhas inseridas em bill
INFO 2025-11-14 15:30:23,251 bigquery_manager BigQuery conectado: agro-data-476422.agro_dataset
INFO 2025-11-14 15:30:25,021 bigquery_manager Query executou com sucesso: 1 linhas retornadas
INFO 2025-11-14 15:30:25,029 bigquery_manager BigQuery conectado: agro-data-476422.agro_dataset
INFO 2025-11-14 15:30:27,013 bigquery_manager Query executou com sucesso: 5 linhas retornadas
INFO 2025-11-14 15:30:28,398 bigquery_manager Query executou com sucesso: 1 linhas retornadas
INFO 2025-11-14 15:30:28,405 bigquery_manager BigQuery conectado: agro-data-476422.agro_dataset
INFO 2025-11-14 15:30:30,142 bigquery_manager Query executou com sucesso: 1 linhas retornadas
INFO 2025-11-14 15:30:31,374 bigquery_manager Query executou com sucesso: 1 linhas retornadas
INFO 2025-11-14 15:30:31,379 bigquery_manager BigQuery conectado: agro-data-476422.agro_dataset
INFO 2025-11-14 15:30:33,506 bigquery_manager Query executou com sucesso: 0 linhas retornadas
INFO 2025-11-14 15:30:35,058 bigquery_manager Query executou com sucesso: 1 linhas retornadas
INFO 2025-11-14 15:30:35,064 bigquery_manager BigQuery conectado: agro-data-476422.agro_dataset
INFO 2025-11-14 15:30:36,799 bigquery_manager Query executou com sucesso: 5 linhas retornadas
INFO 2025-11-14 15:30:37,983 bigquery_manager Query executou com sucesso: 1 linhas retornadas
INFO 2025-11-14 15:30:37,991 bigquery_manager BigQuery conectado: agro-data-476422.agro_dataset
INFO 2025-11-14 15:30:39,663 bigquery_manager Query executou com sucesso: 0 linhas retornadas
INFO 2025-11-14 15:30:39,671 bigquery_manager BigQuery conectado: agro-data-476422.agro_dataset
INFO 2025-11-14 15:30:39,684 bigquery_manager BigQuery conectado: agro-data-476422.agro_dataset
INFO 2025-11-14 15:30:41,404 bigquery_manager Query executou com sucesso: 0 linhas retornadas
INFO 2025-11-14 15:31:51,181 bigquery_manager BigQuery conectado: agro-data-476422.agro_dataset
INFO 2025-11-14 15:31:52,813 bigquery_manager Query executou com sucesso: 1 linhas retornadas
INFO 2025-11-14 15:36:12,034 bigquery_manager BigQuery conectado: agro-data-476422.agro_dataset
INFO 2025-11-14 15:36:16,932 bigquery_manager Query executou com sucesso: 8 linhas retornadas
INFO 2025-11-14 15:36:18,608 bigquery_manager Query executou com sucesso: 1 linhas retornadas
INFO 2025-11-14 15:36:30,141 bigquery_manager BigQuery conectado: agro-data-476422.agro_dataset
INFO 2025-11-14 15:36:31,954 bigquery_manager Query executou com sucesso: 8 linhas retornadas
INFO 2025-11-14 15:36:32,979 bigquery_manager Query executou com sucesso: 1 linhas retornadas
INFO 2025-11-14 15:36:34,991 bigquery_manager BigQuery conectado: agro-data-476422.agro_dataset
INFO 2025-11-14 15:36:37,246 bigquery_manager Query executou com sucesso: 8 linhas retornadas
INFO 2025-11-14 15:36:38,475 bigquery_manager Query executou com sucesso: 1 linhas retornadas
INFO 2025-11-14 15:36:38,482 bigquery_manager BigQuery conectado: agro-data-476422.agro_dataset
INFO 2025-11-14 15:36:39,909 bigquery_manager Query executou com sucesso: 1 linhas retornadas
INFO 2025-11-14 15:36:40,535 bigquery_manager 1 linhas inseridas em travel
INFO 2025-11-14 15:36:43,544 bigquery_manager BigQuery conectado: agro-data-476422.agro_dataset
INFO 2025-11-14 15:36:45,231 bigquery_manager Query executou com sucesso: 1 linhas retornadas
INFO 2025-11-14 15:36:45,239 bigquery_manager BigQuery conectado: agro-data-476422.agro_dataset
INFO 2025-11-14 15:36:46,876 bigquery_manager Query executou com sucesso: 1 linhas retornadas
INFO 2025-11-14 15:36:46,886 bigquery_manager BigQuery conectado: agro-data-476422.agro_dataset
INFO 2025-11-14 15:36:48,449 bigquery_manager Query executou com sucesso: 0 linhas retornadas
INFO 2025-11-14 15:36:48,456 bigquery_manager BigQuery conectado: agro-data-476422.agro_dataset
INFO 2025-11-14 15:36:49,841 bigquery_manager Query executou com sucesso: 1 linhas retornadas
INFO 2025-11-14 15:36:50,384 bigquery_manager 1 linhas inseridas em bill
INFO 2025-11-14 15:36:52,394 bigquery_manager BigQuery conectado: agro-data-476422.agro_dataset
INFO 2025-11-14 15:36:54,250 bigquery_manager Query executou com sucesso: 1 linhas retornadas
INFO 2025-11-14 15:36:54,258 bigquery_manager BigQuery conectado: agro-data-476422.agro_dataset
INFO 2025-11-14 15:36:55,966 bigquery_manager Query executou com sucesso: 5 linhas retornadas
INFO 2025-11-14 15:36:57,110 bigquery_manager Query executou com sucesso: 1 linhas retornadas
INFO 2025-11-14 15:36:57,118 bigquery_manager BigQuery conectado: agro-data-476422.agro_dataset
INFO 2025-11-14 15:36:58,857 bigquery_manager Query executou com sucesso: 1 linhas retornadas
INFO 2025-11-14 15:37:00,189 bigquery_manager Query executou com sucesso: 1 linhas retornadas
INFO 2025-11-14 15:37:00,196 bigquery_manager BigQuery conectado: agro-data-476422.agro_dataset
INFO 2025-11-14 15:37:02,026 bigquery_manager Query executou com sucesso: 0 linhas retornadas
INFO 2025-11-14 15:37:03,255 bigquery_manager Query executou com sucesso: 1 linhas retornadas
INFO 2025-11-14 15:37:03,262 bigquery_manager BigQuery conectado: agro-data-476422.agro_dataset
INFO 2025-11-14 15:37:05,056 bigquery_manager Query executou com sucesso: 5 linhas retornadas
INFO 2025-11-14 15:37:06,330 bigquery_manager Query executou com sucesso: 1 linhas retornadas
INFO 2025-11-14 15:37:06,337 bigquery_manager BigQuery conectado: agro-data-476422.agro_dataset
INFO 2025-11-14 15:37:08,065 bigquery_manager Query executou com sucesso: 0 linhas retornadas
INFO 2025-11-14 15:37:08,069 bigquery_manager BigQuery conectado: agro-data-476422.agro_dataset
INFO 2025-11-14 15:37:08,078 bigquery_manager BigQuery conectado: agro-data-476422.agro_dataset
INFO 2025-11-14 15:37:09,707 bigquery_manager Query executou com sucesso: 0 linhas retornadas
INFO 2025-11-14 15:37:16,280 bigquery_manager BigQuery conectado: agro-data-476422.agro_dataset
INFO 2025-11-14 15:37:18,101 bigquery_manager Query executou com sucesso: 1 linhas retornadas
INFO 2025-11-14 15:46:54,365 bigquery_manager BigQuery conectado: agro-data-476422.agro_dataset
INFO 2025-11-14 15:46:56,358 bigquery_manager Query executou com sucesso: 8 linhas retornadas
INFO 2025-11-14 15:46:57,480 bigquery_manager Query executou com sucesso: 1 linhas retornadas
INFO 2025-11-14 15:46:59,491 bigquery_manager BigQuery conectado: agro-data-476422.agro_dataset
INFO 2025-11-14 15:47:01,268 bigquery_manager Query executou com sucesso: 8 linhas retornadas
INFO 2025-11-14 15:47:02,706 bigquery_manager Query executou com sucesso: 1 linhas retornadas
INFO 2025-11-14 15:47:02,715 bigquery_manager BigQuery conectado: agro-data-476422.agro_dataset
INFO 2025-11-14 15:47:04,236 bigquery_manager Query executou com sucesso: 1 linhas retornadas
INFO 2025-11-14 15:47:04,857 bigquery_manager 1 linhas inseridas em travel
INFO 2025-11-14 15:47:07,867 bigquery_manager BigQuery conectado: agro-data-476422.agro_dataset
INFO 2025-11-14 15:47:09,561 bigquery_manager Query executou com sucesso: 1 linhas retornadas
INFO 2025-11-14 15:47:09,568 bigquery_manager BigQuery conectado: agro-data-476422.agro_dataset
INFO 2025-11-14 15:47:11,506 bigquery_manager Query executou com sucesso: 1 linhas retornadas
INFO 2025-11-14 15:47:11,920 bigquery_manager BigQuery conectado: agro-data-476422.agro_dataset
INFO 2025-11-14 15:47:13,350 bigquery_manager Query executou com sucesso: 0 linhas retornadas
INFO 2025-11-14 15:47:13,358 bigquery_manager BigQuery conectado: agro-data-476422.agro_dataset
INFO 2025-11-14 15:47:15,065 bigquery_manager Query executou com sucesso: 1 linhas retornadas
INFO 2025-11-14 15:47:15,810 bigquery_manager 1 linhas inseridas em bill
INFO 2025-11-14 15:47:17,819 bigquery_manager BigQuery conectado: agro-data-476422.agro_dataset
INFO 2025-11-14 15:47:19,483 bigquery_manager Query executou com sucesso: 1 linhas retornadas
INFO 2025-11-14 15:47:19,489 bigquery_manager BigQuery conectado: agro-data-476422.agro_dataset
INFO 2025-11-14 15:47:21,271 bigquery_manager Query executou com sucesso: 5 linhas retornadas
INFO 2025-11-14 15:47:22,466 bigquery_manager Query executou com sucesso: 1 linhas retornadas
INFO 2025-11-14 15:47:22,473 bigquery_manager BigQuery conectado: agro-data-476422.agro_dataset
INFO 2025-11-14 15:47:24,206 bigquery_manager Query executou com sucesso: 1 linhas retornadas
INFO 2025-11-14 15:47:25,535 bigquery_manager Query executou com sucesso: 1 linhas retornadas
INFO 2025-11-14 15:47:25,542 bigquery_manager BigQuery conectado: agro-data-476422.agro_dataset
INFO 2025-11-14 15:47:27,074 bigquery_manager Query executou com sucesso: 0 linhas retornadas
INFO 2025-11-14 15:47:28,201 bigquery_manager Query executou com sucesso: 1 linhas retornadas
INFO 2025-11-14 15:47:28,209 bigquery_manager BigQuery conectado: agro-data-476422.agro_dataset
INFO 2025-11-14 15:47:29,942 bigquery_manager Query executou com sucesso: 5 linhas retornadas
INFO 2025-11-14 15:47:31,373 bigquery_manager Query executou com sucesso: 1 linhas retornadas
INFO 2025-11-14 15:47:31,381 bigquery_manager BigQuery conectado: agro-data-476422.agro_dataset
INFO 2025-11-14 15:47:33,009 bigquery_manager Query executou com sucesso: 0 linhas retornadas
INFO 2025-11-14 15:47:33,016 bigquery_manager BigQuery conectado: agro-data-476422.agro_dataset
INFO 2025-11-14 15:47:33,029 bigquery_manager BigQuery conectado: agro-data-476422.agro_dataset
INFO 2025-11-14 15:47:34,547 bigquery_manager Query executou com sucesso: 0 linhas retornadas
INFO 2025-11-14 15:48:48,601 bigquery_manager BigQuery conectado: agro-data-476422.agro_dataset
INFO 2025-11-14 15:48:50,323 bigquery_manager Query executou com sucesso: 1 linhas retornadas
INFO 2025-11-14 15:54:10,791 bigquery_manager BigQuery conectado: agro-data-476422.agro_dataset
INFO 2025-11-14 15:54:12,744 bigquery_manager Query executou com sucesso: 8 linhas retornadas
INFO 2025-11-14 15:54:13,829 bigquery_manager Query executou com sucesso: 1 linhas retornadas
INFO 2025-11-14 15:54:15,840 bigquery_manager BigQuery conectado: agro-data-476422.agro_dataset
INFO 2025-11-14 15:54:17,606 bigquery_manager Query executou com sucesso: 8 linhas retornadas
INFO 2025-11-14 15:54:18,720 bigquery_manager Query executou com sucesso: 1 linhas retornadas
INFO 2025-11-14 15:54:18,729 bigquery_manager BigQuery conectado: agro-data-476422.agro_dataset
INFO 2025-11-14 15:54:20,132 bigquery_manager Query executou com sucesso: 1 linhas retornadas
INFO 2025-11-14 15:54:20,887 bigquery_manager 1 linhas inseridas em travel
INFO 2025-11-14 15:54:23,896 bigquery_manager BigQuery conectado: agro-data-476422.agro_dataset
INFO 2025-11-14 15:54:25,492 bigquery_manager Query executou com sucesso: 1 linhas retornadas
INFO 2025-11-14 15:54:25,498 bigquery_manager BigQuery conectado: agro-data-476422.agro_dataset
INFO 2025-11-14 15:54:27,486 bigquery_manager Query executou com sucesso: 1 linhas retornadas
INFO 2025-11-14 15:54:28,157 bigquery_manager BigQuery conectado: agro-data-476422.agro_dataset
INFO 2025-11-14 15:54:29,713 bigquery_manager Query executou com sucesso: 0 linhas retornadas
INFO 2025-11-14 15:54:29,722 bigquery_manager BigQuery conectado: agro-data-476422.agro_dataset
INFO 2025-11-14 15:54:31,537 bigquery_manager Query executou com sucesso: 1 linhas retornadas
INFO 2025-11-14 15:54:32,148 bigquery_manager 1 linhas inseridas em bill
INFO 2025-11-14 15:54:34,156 bigquery_manager BigQuery conectado: agro-data-476422.agro_dataset
INFO 2025-11-14 15:54:35,841 bigquery_manager Query executou com sucesso: 1 linhas retornadas
INFO 2025-11-14 15:54:35,849 bigquery_manager BigQuery conectado: agro-data-476422.agro_dataset
INFO 2025-11-14 15:54:37,682 bigquery_manager Query executou com sucesso: 5 linhas retornadas
INFO 2025-11-14 15:54:38,909 bigquery_manager Query executou com sucesso: 1 linhas retornadas
INFO 2025-11-14 15:54:38,917 bigquery_manager BigQuery conectado: agro-data-476422.agro_dataset
INFO 2025-11-14 15:54:40,851 bigquery_manager Query executou com sucesso: 1 linhas retornadas
INFO 2025-11-14 15:54:42,186 bigquery_manager Query executou com sucesso: 1 linhas retornadas
INFO 2025-11-14 15:54:42,193 bigquery_manager BigQuery conectado: agro-data-476422.agro_dataset
INFO 2025-11-14 15:54:43,822 bigquery_manager Query executou com sucesso: 0 linhas retornadas
INFO 2025-11-14 15:54:45,153 bigquery_manager Query executou com sucesso: 1 linhas retornadas
INFO 2025-11-14 15:54:45,160 bigquery_manager BigQuery conectado: agro-data-476422.agro_dataset
INFO 2025-11-14 15:54:46,791 bigquery_manager Query executou com sucesso: 5 linhas retornadas
INFO 2025-11-14 15:54:47,916 bigquery_manager Query executou com sucesso: 1 linhas retornadas
INFO 2025-11-14 15:54:47,925 bigquery_manager BigQuery conectado: agro-data-476422.agro_dataset
INFO 2025-11-14 15:54:49,453 bigquery_manager Query executou com sucesso: 0 linhas retornadas
INFO 2025-11-14 15:54:49,460 bigquery_manager BigQuery conectado: agro-data-476422.agro_dataset
INFO 2025-11-14 15:54:49,473 bigquery_manager BigQuery conectado: agro-data-476422.agro_dataset
INFO 2025-11-14 15:54:51,092 bigquery_manager Query executou com sucesso: 0 linhas retornadas
INFO 2025-11-14 15:54:54,201 bigquery_manager BigQuery conectado: agro-data-476422.agro_dataset
INFO 2025-11-14 15:54:55,804 bigquery_manager Query executou com sucesso: 1 linhas retornadas
INFO 2025-11-14 15:57:24,032 bigquery_manager BigQuery conectado: agro-data-476422.agro_dataset
INFO 2025-11-14 15:57:25,932 bigquery_manager Query executou com sucesso: 8 linhas retornadas
INFO 2025-11-14 15:57:27,162 bigquery_manager Query executou com sucesso: 1 linhas retornadas
INFO 2025-11-14 15:57:29,174 bigquery_manager BigQuery conectado: agro-data-476422.agro_dataset
INFO 2025-11-14 15:57:30,848 bigquery_manager Query executou com sucesso: 8 linhas retornadas
INFO 2025-11-14 15:57:32,180 bigquery_manager Query executou com sucesso: 1 linhas retornadas
INFO 2025-11-14 15:57:32,188 bigquery_manager BigQuery conectado: agro-data-476422.agro_dataset
INFO 2025-11-14 15:57:33,610 bigquery_manager Query executou com sucesso: 1 linhas retornadas
INFO 2025-11-14 15:57:34,123 bigquery_manager 1 linhas inseridas em travel
INFO 2025-11-14 15:57:37,132 bigquery_manager BigQuery conectado: agro-data-476422.agro_dataset
INFO 2025-11-14 15:57:38,731 bigquery_manager Query executou com sucesso: 1 linhas retornadas
INFO 2025-11-14 15:57:38,737 bigquery_manager BigQuery conectado: agro-data-476422.agro_dataset
INFO 2025-11-14 15:57:40,267 bigquery_manager Query executou com sucesso: 1 linhas retornadas
INFO 2025-11-14 15:57:40,690 bigquery_manager BigQuery conectado: agro-data-476422.agro_dataset
INFO 2025-11-14 15:57:42,217 bigquery_manager Query executou com sucesso: 0 linhas retornadas
INFO 2025-11-14 15:57:42,225 bigquery_manager BigQuery conectado: agro-data-476422.agro_dataset
INFO 2025-11-14 15:57:43,783 bigquery_manager Query executou com sucesso: 1 linhas retornadas
INFO 2025-11-14 15:57:44,470 bigquery_manager 1 linhas inseridas em bill
INFO 2025-11-14 15:57:46,476 bigquery_manager BigQuery conectado: agro-data-476422.agro_dataset
INFO 2025-11-14 15:57:47,847 bigquery_manager Query executou com sucesso: 1 linhas retornadas
INFO 2025-11-14 15:57:47,854 bigquery_manager BigQuery conectado: agro-data-476422.agro_dataset
INFO 2025-11-14 15:57:49,421 bigquery_manager Query executou com sucesso: 5 linhas retornadas
INFO 2025-11-14 15:57:50,631 bigquery_manager Query executou com sucesso: 1 linhas retornadas
INFO 2025-11-14 15:57:50,641 bigquery_manager BigQuery conectado: agro-data-476422.agro_dataset
INFO 2025-11-14 15:57:52,352 bigquery_manager Query executou com sucesso: 1 linhas retornadas
INFO 2025-11-14 15:57:53,584 bigquery_manager Query executou com sucesso: 1 linhas retornadas
INFO 2025-11-14 15:57:53,592 bigquery_manager BigQuery conectado: agro-data-476422.agro_dataset
INFO 2025-11-14 15:57:55,221 bigquery_manager Query executou com sucesso: 0 linhas retornadas
INFO 2025-11-14 15:57:56,349 bigquery_manager Query executou com sucesso: 1 linhas retornadas
INFO 2025-11-14 15:57:56,356 bigquery_manager BigQuery conectado: agro-data-476422.agro_dataset
INFO 2025-11-14 15:57:58,193 bigquery_manager Query executou com sucesso: 5 linhas retornadas
INFO 2025-11-14 15:57:59,141 bigquery_manager Query executou com sucesso: 1 linhas retornadas
INFO 2025-11-14 15:57:59,148 bigquery_manager BigQuery conectado: agro-data-476422.agro_dataset
INFO 2025-11-14 15:58:00,748 bigquery_manager Query executou com sucesso: 0 linhas retornadas
INFO 2025-11-14 15:58:00,756 bigquery_manager BigQuery conectado: agro-data-476422.agro_dataset
INFO 2025-11-14 15:58:00,772 bigquery_manager BigQuery conectado: agro-data-476422.agro_dataset
INFO 2025-11-14 15:58:02,390 bigquery_manager Query executou com sucesso: 0 linhas retornadas
INFO 2025-11-14 15:58:06,181 bigquery_manager BigQuery conectado: agro-data-476422.agro_dataset
INFO 2025-11-14 15:58:08,225 bigquery_manager Query executou com sucesso: 1 linhas retornadas
INFO 2025-11-14 16:00:48,884 bigquery_manager BigQuery conectado: agro-data-476422.agro_dataset
INFO 2025-11-14 16:00:56,889 bigquery_manager Query executou com sucesso: 8 linhas retornadas
INFO 2025-11-14 16:01:16,049 bigquery_manager BigQuery conectado: agro-data-476422.agro_dataset
INFO 2025-11-14 16:01:18,294 bigquery_manager Query executou com sucesso: 8 linhas retornadas
INFO 2025-11-14 16:01:19,623 bigquery_manager Query executou com sucesso: 1 linhas retornadas
INFO 2025-11-14 16:01:21,633 bigquery_manager BigQuery conectado: agro-data-476422.agro_dataset
INFO 2025-11-14 16:01:23,926 bigquery_manager Query executou com sucesso: 8 linhas retornadas
INFO 2025-11-14 16:01:25,152 bigquery_manager Query executou com sucesso: 1 linhas retornadas
INFO 2025-11-14 16:01:25,162 bigquery_manager BigQuery conectado: agro-data-476422.agro_dataset
INFO 2025-11-14 16:01:26,999 bigquery_manager Query executou com sucesso: 1 linhas retornadas
INFO 2025-11-14 16:01:27,611 bigquery_manager 1 linhas inseridas em travel
INFO 2025-11-14 16:01:30,621 bigquery_manager BigQuery conectado: agro-data-476422.agro_dataset
INFO 2025-11-14 16:01:32,425 bigquery_manager Query executou com sucesso: 1 linhas retornadas
INFO 2025-11-14 16:01:32,432 bigquery_manager BigQuery conectado: agro-data-476422.agro_dataset
INFO 2025-11-14 16:01:34,065 bigquery_manager Query executou com sucesso: 1 linhas retornadas
INFO 2025-11-14 16:01:34,689 bigquery_manager BigQuery conectado: agro-data-476422.agro_dataset
INFO 2025-11-14 16:01:36,315 bigquery_manager Query executou com sucesso: 0 linhas retornadas
INFO 2025-11-14 16:01:36,326 bigquery_manager BigQuery conectado: agro-data-476422.agro_dataset
INFO 2025-11-14 16:01:37,851 bigquery_manager Query executou com sucesso: 1 linhas retornadas
INFO 2025-11-14 16:01:38,365 bigquery_manager 1 linhas inseridas em bill
INFO 2025-11-14 16:01:40,373 bigquery_manager BigQuery conectado: agro-data-476422.agro_dataset
INFO 2025-11-14 16:01:42,050 bigquery_manager Query executou com sucesso: 1 linhas retornadas
INFO 2025-11-14 16:01:42,059 bigquery_manager BigQuery conectado: agro-data-476422.agro_dataset
INFO 2025-11-14 16:01:44,202 bigquery_manager Query executou com sucesso: 5 linhas retornadas
INFO 2025-11-14 16:01:45,535 bigquery_manager Query executou com sucesso: 1 linhas retornadas
INFO 2025-11-14 16:01:45,543 bigquery_manager BigQuery conectado: agro-data-476422.agro_dataset
INFO 2025-11-14 16:01:47,683 bigquery_manager Query executou com sucesso: 1 linhas retornadas
INFO 2025-11-14 16:01:49,042 bigquery_manager Query executou com sucesso: 1 linhas retornadas
INFO 2025-11-14 16:01:49,049 bigquery_manager BigQuery conectado: agro-data-476422.agro_dataset
INFO 2025-11-14 16:01:51,778 bigquery_manager Query executou com sucesso: 0 linhas retornadas
INFO 2025-11-14 16:01:58,556 bigquery_manager Query executou com sucesso: 1 linhas retornadas
INFO 2025-11-14 16:01:58,564 bigquery_manager BigQuery conectado: agro-data-476422.agro_dataset
INFO 2025-11-14 16:02:00,734 bigquery_manager Query executou com sucesso: 5 linhas retornadas
INFO 2025-11-14 16:02:02,019 bigquery_manager Query executou com sucesso: 1 linhas retornadas
INFO 2025-11-14 16:02:02,028 bigquery_manager BigQuery conectado: agro-data-476422.agro_dataset
INFO 2025-11-14 16:02:04,582 bigquery_manager Query executou com sucesso: 0 linhas retornadas
INFO 2025-11-14 16:02:04,589 bigquery_manager BigQuery conectado: agro-data-476422.agro_dataset
INFO 2025-11-14 16:02:04,600 bigquery_manager BigQuery conectado: agro-data-476422.agro_dataset
INFO 2025-11-14 16:02:06,319 bigquery_manager Query executou com sucesso: 0 linhas retornadas
INFO 2025-11-14 16:03:47,715 bigquery_manager BigQuery conectado: agro-data-476422.agro_dataset
INFO 2025-11-14 16:03:56,805 bigquery_manager BigQuery conectado: agro-data-476422.agro_dataset
INFO 2025-11-14 16:03:58,665 bigquery_manager Query executou com sucesso: 8 linhas retornadas
INFO 2025-11-14 16:03:58,970 bigquery_manager Query executou com sucesso: 8 linhas retornadas
INFO 2025-11-14 16:03:59,888 bigquery_manager Query executou com sucesso: 1 linhas retornadas
INFO 2025-11-14 16:04:00,198 bigquery_manager Query executou com sucesso: 1 linhas retornadas
INFO 2025-11-14 16:04:01,903 bigquery_manager BigQuery conectado: agro-data-476422.agro_dataset
INFO 2025-11-14 16:04:03,677 bigquery_manager Query executou com sucesso: 8 linhas retornadas
INFO 2025-11-14 16:04:05,008 bigquery_manager Query executou com sucesso: 1 linhas retornadas
INFO 2025-11-14 16:04:05,017 bigquery_manager BigQuery conectado: agro-data-476422.agro_dataset
INFO 2025-11-14 16:04:06,546 bigquery_manager Query executou com sucesso: 1 linhas retornadas
INFO 2025-11-14 16:04:07,159 bigquery_manager 1 linhas inseridas em travel
INFO 2025-11-14 16:04:10,169 bigquery_manager BigQuery conectado: agro-data-476422.agro_dataset
INFO 2025-11-14 16:04:11,768 bigquery_manager Query executou com sucesso: 1 linhas retornadas
INFO 2025-11-14 16:04:11,775 bigquery_manager BigQuery conectado: agro-data-476422.agro_dataset
INFO 2025-11-14 16:04:13,407 bigquery_manager Query executou com sucesso: 1 linhas retornadas
INFO 2025-11-14 16:04:13,825 bigquery_manager BigQuery conectado: agro-data-476422.agro_dataset
INFO 2025-11-14 16:04:15,457 bigquery_manager Query executou com sucesso: 0 linhas retornadas
INFO 2025-11-14 16:04:15,465 bigquery_manager BigQuery conectado: agro-data-476422.agro_dataset
INFO 2025-11-14 16:04:17,028 bigquery_manager Query executou com sucesso: 1 linhas retornadas
INFO 2025-11-14 16:04:17,810 bigquery_manager 1 linhas inseridas em bill
INFO 2025-11-14 16:04:19,820 bigquery_manager BigQuery conectado: agro-data-476422.agro_dataset
INFO 2025-11-14 16:04:21,705 bigquery_manager Query executou com sucesso: 1 linhas retornadas
INFO 2025-11-14 16:04:21,713 bigquery_manager BigQuery conectado: agro-data-476422.agro_dataset
INFO 2025-11-14 16:04:23,237 bigquery_manager Query executou com sucesso: 5 linhas retornadas
INFO 2025-11-14 16:04:24,880 bigquery_manager Query executou com sucesso: 1 linhas retornadas
INFO 2025-11-14 16:04:24,887 bigquery_manager BigQuery conectado: agro-data-476422.agro_dataset
INFO 2025-11-14 16:04:26,924 bigquery_manager Query executou com sucesso: 1 linhas retornadas
INFO 2025-11-14 16:04:28,290 bigquery_manager Query executou com sucesso: 1 linhas retornadas
INFO 2025-11-14 16:04:28,296 bigquery_manager BigQuery conectado: agro-data-476422.agro_dataset
INFO 2025-11-14 16:04:29,996 bigquery_manager Query executou com sucesso: 0 linhas retornadas
INFO 2025-11-14 16:04:31,430 bigquery_manager Query executou com sucesso: 1 linhas retornadas
INFO 2025-11-14 16:04:31,438 bigquery_manager BigQuery conectado: agro-data-476422.agro_dataset
INFO 2025-11-14 16:04:33,276 bigquery_manager Query executou com sucesso: 5 linhas retornadas
INFO 2025-11-14 16:04:34,410 bigquery_manager Query executou com sucesso: 1 linhas retornadas
INFO 2025-11-14 16:04:34,420 bigquery_manager BigQuery conectado: agro-data-476422.agro_dataset
INFO 2025-11-14 16:04:36,419 bigquery_manager Query executou com sucesso: 0 linhas retornadas
INFO 2025-11-14 16:04:36,426 bigquery_manager BigQuery conectado: agro-data-476422.agro_dataset
INFO 2025-11-14 16:04:36,442 bigquery_manager BigQuery conectado: agro-data-476422.agro_dataset
INFO 2025-11-14 16:04:37,880 bigquery_manager Query executou com sucesso: 0 linhas retornadas
INFO 2025-11-14 16:04:51,071 bigquery_manager BigQuery conectado: agro-data-476422.agro_dataset
INFO 2025-11-14 16:04:52,630 bigquery_manager Query executou com sucesso: 1 linhas retornadas
INFO 2025-11-14 16:08:23,412 bigquery_manager BigQuery conectado: agro-data-476422.agro_dataset
INFO 2025-11-14 16:08:26,550 bigquery_manager Query executou com sucesso: 8 linhas retornadas
INFO 2025-11-14 16:08:28,206 bigquery_manager Query executou com sucesso: 1 linhas retornadas
INFO 2025-11-14 16:08:30,219 bigquery_manager BigQuery conectado: agro-data-476422.agro_dataset
INFO 2025-11-14 16:08:31,803 bigquery_manager Query executou com sucesso: 8 linhas retornadas
INFO 2025-11-14 16:08:32,976 bigquery_manager Query executou com sucesso: 1 linhas retornadas
INFO 2025-11-14 16:08:32,982 bigquery_manager BigQuery conectado: agro-data-476422.agro_dataset
INFO 2025-11-14 16:08:34,281 bigquery_manager Query executou com sucesso: 1 linhas retornadas
INFO 2025-11-14 16:08:34,764 bigquery_manager 1 linhas inseridas em travel
INFO 2025-11-14 16:08:37,774 bigquery_manager BigQuery conectado: agro-data-476422.agro_dataset
INFO 2025-11-14 16:08:39,307 bigquery_manager Query executou com sucesso: 1 linhas retornadas
INFO 2025-11-14 16:08:39,314 bigquery_manager BigQuery conectado: agro-data-476422.agro_dataset
INFO 2025-11-14 16:08:40,647 bigquery_manager Query executou com sucesso: 1 linhas retornadas
INFO 2025-11-14 16:08:43,119 bigquery_manager BigQuery conectado: agro-data-476422.agro_dataset
INFO 2025-11-14 16:08:44,427 bigquery_manager Query executou com sucesso: 0 linhas retornadas
INFO 2025-11-14 16:08:44,432 bigquery_manager BigQuery conectado: agro-data-476422.agro_dataset
INFO 2025-11-14 16:08:45,814 bigquery_manager Query executou com sucesso: 1 linhas retornadas
INFO 2025-11-14 16:08:46,313 bigquery_manager 1 linhas inseridas em bill
INFO 2025-11-14 16:08:48,321 bigquery_manager BigQuery conectado: agro-data-476422.agro_dataset
INFO 2025-11-14 16:08:49,765 bigquery_manager Query executou com sucesso: 1 linhas retornadas
INFO 2025-11-14 16:08:49,773 bigquery_manager BigQuery conectado: agro-data-476422.agro_dataset
INFO 2025-11-14 16:08:51,315 bigquery_manager Query executou com sucesso: 5 linhas retornadas
INFO 2025-11-14 16:08:52,287 bigquery_manager Query executou com sucesso: 1 linhas retornadas
INFO 2025-11-14 16:08:52,295 bigquery_manager BigQuery conectado: agro-data-476422.agro_dataset
INFO 2025-11-14 16:08:54,352 bigquery_manager Query executou com sucesso: 1 linhas retornadas
INFO 2025-11-14 16:08:55,679 bigquery_manager Query executou com sucesso: 1 linhas retornadas
INFO 2025-11-14 16:08:55,687 bigquery_manager BigQuery conectado: agro-data-476422.agro_dataset
INFO 2025-11-14 16:08:58,229 bigquery_manager Query executou com sucesso: 0 linhas retornadas
INFO 2025-11-14 16:09:07,102 bigquery_manager Query executou com sucesso: 1 linhas retornadas
INFO 2025-11-14 16:09:07,109 bigquery_manager BigQuery conectado: agro-data-476422.agro_dataset
INFO 2025-11-14 16:09:08,733 bigquery_manager Query executou com sucesso: 5 linhas retornadas
INFO 2025-11-14 16:09:09,737 bigquery_manager Query executou com sucesso: 1 linhas retornadas
INFO 2025-11-14 16:09:09,745 bigquery_manager BigQuery conectado: agro-data-476422.agro_dataset
INFO 2025-11-14 16:09:11,820 bigquery_manager Query executou com sucesso: 0 linhas retornadas
INFO 2025-11-14 16:09:11,824 bigquery_manager BigQuery conectado: agro-data-476422.agro_dataset
INFO 2025-11-14 16:09:11,837 bigquery_manager BigQuery conectado: agro-data-476422.agro_dataset
INFO 2025-11-14 16:09:13,333 bigquery_manager Query executou com sucesso: 0 linhas retornadas
INFO 2025-11-14 16:14:35,884 bigquery_manager BigQuery conectado: agro-data-476422.agro_dataset
INFO 2025-11-14 16:14:39,202 bigquery_manager Query executou com sucesso: 8 linhas retornadas
INFO 2025-11-14 16:14:40,908 bigquery_manager Query executou com sucesso: 1 linhas retornadas
INFO 2025-11-14 16:14:48,139 bigquery_manager BigQuery conectado: agro-data-476422.agro_dataset
INFO 2025-11-14 16:14:49,704 bigquery_manager Query executou com sucesso: 8 linhas retornadas
INFO 2025-11-14 16:14:50,858 bigquery_manager Query executou com sucesso: 1 linhas retornadas
INFO 2025-11-14 16:14:52,869 bigquery_manager BigQuery conectado: agro-data-476422.agro_dataset
INFO 2025-11-14 16:14:54,798 bigquery_manager Query executou com sucesso: 8 linhas retornadas
INFO 2025-11-14 16:14:55,996 bigquery_manager Query executou com sucesso: 1 linhas retornadas
INFO 2025-11-14 16:14:56,005 bigquery_manager BigQuery conectado: agro-data-476422.agro_dataset
INFO 2025-11-14 16:14:57,271 bigquery_manager Query executou com sucesso: 1 linhas retornadas
INFO 2025-11-14 16:14:57,941 bigquery_manager 1 linhas inseridas em travel
INFO 2025-11-14 16:15:00,949 bigquery_manager BigQuery conectado: agro-data-476422.agro_dataset
INFO 2025-11-14 16:15:02,447 bigquery_manager Query executou com sucesso: 1 linhas retornadas
INFO 2025-11-14 16:15:02,454 bigquery_manager BigQuery conectado: agro-data-476422.agro_dataset
INFO 2025-11-14 16:15:04,016 bigquery_manager Query executou com sucesso: 1 linhas retornadas
INFO 2025-11-14 16:15:04,412 bigquery_manager BigQuery conectado: agro-data-476422.agro_dataset
INFO 2025-11-14 16:15:05,809 bigquery_manager Query executou com sucesso: 0 linhas retornadas
INFO 2025-11-14 16:15:05,817 bigquery_manager BigQuery conectado: agro-data-476422.agro_dataset
INFO 2025-11-14 16:15:07,660 bigquery_manager Query executou com sucesso: 1 linhas retornadas
INFO 2025-11-14 16:15:08,239 bigquery_manager 1 linhas inseridas em bill
INFO 2025-11-14 16:15:10,250 bigquery_manager BigQuery conectado: agro-data-476422.agro_dataset
INFO 2025-11-14 16:15:11,708 bigquery_manager Query executou com sucesso: 1 linhas retornadas
INFO 2025-11-14 16:15:11,715 bigquery_manager BigQuery conectado: agro-data-476422.agro_dataset
INFO 2025-11-14 16:15:13,361 bigquery_manager Query executou com sucesso: 5 linhas retornadas
INFO 2025-11-14 16:15:14,632 bigquery_manager Query executou com sucesso: 1 linhas retornadas
INFO 2025-11-14 16:15:14,640 bigquery_manager BigQuery conectado: agro-data-476422.agro_dataset
INFO 2025-11-14 16:15:16,211 bigquery_manager Query executou com sucesso: 1 linhas retornadas
INFO 2025-11-14 16:15:17,215 bigquery_manager Query executou com sucesso: 1 linhas retornadas
INFO 2025-11-14 16:15:17,222 bigquery_manager BigQuery conectado: agro-data-476422.agro_dataset
INFO 2025-11-14 16:15:18,806 bigquery_manager Query executou com sucesso: 0 linhas retornadas
INFO 2025-11-14 16:15:19,957 bigquery_manager Query executou com sucesso: 1 linhas retornadas
INFO 2025-11-14 16:15:19,962 bigquery_manager BigQuery conectado: agro-data-476422.agro_dataset
INFO 2025-11-14 16:15:21,589 bigquery_manager Query executou com sucesso: 5 linhas retornadas
INFO 2025-11-14 16:15:22,619 bigquery_manager Query executou com sucesso: 1 linhas retornadas
INFO 2025-11-14 16:15:22,625 bigquery_manager BigQuery conectado: agro-data-476422.agro_dataset
INFO 2025-11-14 16:15:24,494 bigquery_manager Query executou com sucesso: 0 linhas retornadas
INFO 2025-11-14 16:15:24,502 bigquery_manager BigQuery conectado: agro-data-476422.agro_dataset
INFO 2025-11-14 16:15:24,518 bigquery_manager BigQuery conectado: agro-data-476422.agro_dataset
INFO 2025-11-14 16:15:25,999 bigquery_manager Query executou com sucesso: 0 linhas retornadas
INFO 2025-11-14 16:19:40,488 bigquery_manager BigQuery conectado: agro-data-476422.agro_dataset
INFO 2025-11-14 16:19:42,200 bigquery_manager Query executou com sucesso: 8 linhas retornadas
INFO 2025-11-14 16:19:43,319 bigquery_manager Query executou com sucesso: 1 linhas retornadas
INFO 2025-11-14 16:19:45,330 bigquery_manager BigQuery conectado: agro-data-476422.agro_dataset
INFO 2025-11-14 16:19:46,905 bigquery_manager Query executou com sucesso: 8 linhas retornadas
INFO 2025-11-14 16:19:48,141 bigquery_manager Query executou com sucesso: 1 linhas retornadas
INFO 2025-11-14 16:19:48,150 bigquery_manager BigQuery conectado: agro-data-476422.agro_dataset
INFO 2025-11-14 16:19:49,819 bigquery_manager Query executou com sucesso: 1 linhas retornadas
INFO 2025-11-14 16:19:50,401 bigquery_manager 1 linhas inseridas em travel
INFO 2025-11-14 16:19:53,410 bigquery_manager BigQuery conectado: agro-data-476422.agro_dataset
INFO 2025-11-14 16:19:54,913 bigquery_manager Query executou com sucesso: 1 linhas retornadas
INFO 2025-11-14 16:19:54,920 bigquery_manager BigQuery conectado: agro-data-476422.agro_dataset
INFO 2025-11-14 16:19:56,312 bigquery_manager Query executou com sucesso: 1 linhas retornadas
INFO 2025-11-14 16:19:57,483 bigquery_manager BigQuery conectado: agro-data-476422.agro_dataset
INFO 2025-11-14 16:19:58,876 bigquery_manager Query executou com sucesso: 0 linhas retornadas
INFO 2025-11-14 16:19:58,884 bigquery_manager BigQuery conectado: agro-data-476422.agro_dataset
INFO 2025-11-14 16:20:00,506 bigquery_manager Query executou com sucesso: 1 linhas retornadas
INFO 2025-11-14 16:20:01,162 bigquery_manager 1 linhas inseridas em bill
INFO 2025-11-14 16:20:03,172 bigquery_manager BigQuery conectado: agro-data-476422.agro_dataset
INFO 2025-11-14 16:20:05,398 bigquery_manager Query executou com sucesso: 1 linhas retornadas
INFO 2025-11-14 16:20:05,406 bigquery_manager BigQuery conectado: agro-data-476422.agro_dataset
INFO 2025-11-14 16:20:07,026 bigquery_manager Query executou com sucesso: 5 linhas retornadas
INFO 2025-11-14 16:20:09,249 bigquery_manager Query executou com sucesso: 1 linhas retornadas
INFO 2025-11-14 16:20:09,257 bigquery_manager BigQuery conectado: agro-data-476422.agro_dataset
INFO 2025-11-14 16:20:11,198 bigquery_manager Query executou com sucesso: 1 linhas retornadas
INFO 2025-11-14 16:20:12,379 bigquery_manager Query executou com sucesso: 1 linhas retornadas
INFO 2025-11-14 16:20:12,387 bigquery_manager BigQuery conectado: agro-data-476422.agro_dataset
INFO 2025-11-14 16:20:14,054 bigquery_manager Query executou com sucesso: 0 linhas retornadas
INFO 2025-11-14 16:20:15,219 bigquery_manager Query executou com sucesso: 1 linhas retornadas
INFO 2025-11-14 16:20:15,227 bigquery_manager BigQuery conectado: agro-data-476422.agro_dataset
INFO 2025-11-14 16:20:17,058 bigquery_manager Query executou com sucesso: 5 linhas retornadas
INFO 2025-11-14 16:20:18,159 bigquery_manager Query executou com sucesso: 1 linhas retornadas
INFO 2025-11-14 16:20:18,167 bigquery_manager BigQuery conectado: agro-data-476422.agro_dataset
INFO 2025-11-14 16:20:20,037 bigquery_manager Query executou com sucesso: 0 linhas retornadas
INFO 2025-11-14 16:20:20,043 bigquery_manager BigQuery conectado: agro-data-476422.agro_dataset
INFO 2025-11-14 16:20:20,057 bigquery_manager BigQuery conectado: agro-data-476422.agro_dataset
INFO 2025-11-14 16:20:21,599 bigquery_manager Query executou com sucesso: 0 linhas retornadas
INFO 2025-11-14 16:34:19,417 bigquery_manager BigQuery conectado: agro-data-476422.agro_dataset
INFO 2025-11-14 16:34:21,431 bigquery_manager Query executou com sucesso: 8 linhas retornadas
INFO 2025-11-14 16:34:22,571 bigquery_manager Query executou com sucesso: 1 linhas retornadas
INFO 2025-11-14 16:34:24,584 bigquery_manager BigQuery conectado: agro-data-476422.agro_dataset
INFO 2025-11-14 16:34:26,321 bigquery_manager Query executou com sucesso: 8 linhas retornadas
INFO 2025-11-14 16:34:27,404 bigquery_manager Query executou com sucesso: 1 linhas retornadas
INFO 2025-11-14 16:34:27,414 bigquery_manager BigQuery conectado: agro-data-476422.agro_dataset
INFO 2025-11-14 16:34:28,670 bigquery_manager Query executou com sucesso: 1 linhas retornadas
INFO 2025-11-14 16:34:29,268 bigquery_manager 1 linhas inseridas em travel
INFO 2025-11-14 16:34:32,277 bigquery_manager BigQuery conectado: agro-data-476422.agro_dataset
INFO 2025-11-14 16:34:33,965 bigquery_manager Query executou com sucesso: 1 linhas retornadas
INFO 2025-11-14 16:34:33,972 bigquery_manager BigQuery conectado: agro-data-476422.agro_dataset
INFO 2025-11-14 16:34:35,322 bigquery_manager Query executou com sucesso: 0 linhas retornadas
INFO 2025-11-14 16:34:35,329 bigquery_manager BigQuery conectado: agro-data-476422.agro_dataset
INFO 2025-11-14 16:34:36,855 bigquery_manager Query executou com sucesso: 1 linhas retornadas
INFO 2025-11-14 16:34:37,460 bigquery_manager 1 linhas inseridas em bill
INFO 2025-11-14 16:34:39,469 bigquery_manager BigQuery conectado: agro-data-476422.agro_dataset
INFO 2025-11-14 16:34:40,991 bigquery_manager Query executou com sucesso: 1 linhas retornadas
INFO 2025-11-14 16:34:40,999 bigquery_manager BigQuery conectado: agro-data-476422.agro_dataset
INFO 2025-11-14 16:34:42,787 bigquery_manager Query executou com sucesso: 5 linhas retornadas
INFO 2025-11-14 16:34:43,956 bigquery_manager Query executou com sucesso: 1 linhas retornadas
INFO 2025-11-14 16:34:43,965 bigquery_manager BigQuery conectado: agro-data-476422.agro_dataset
INFO 2025-11-14 16:34:45,628 bigquery_manager Query executou com sucesso: 1 linhas retornadas
INFO 2025-11-14 16:34:46,889 bigquery_manager Query executou com sucesso: 1 linhas retornadas
INFO 2025-11-14 16:34:46,897 bigquery_manager BigQuery conectado: agro-data-476422.agro_dataset
INFO 2025-11-14 16:34:48,833 bigquery_manager Query executou com sucesso: 0 linhas retornadas
INFO 2025-11-14 16:34:49,961 bigquery_manager Query executou com sucesso: 1 linhas retornadas
INFO 2025-11-14 16:34:49,969 bigquery_manager BigQuery conectado: agro-data-476422.agro_dataset
INFO 2025-11-14 16:34:51,558 bigquery_manager Query executou com sucesso: 5 linhas retornadas
INFO 2025-11-14 16:34:53,032 bigquery_manager Query executou com sucesso: 1 linhas retornadas
INFO 2025-11-14 16:34:53,041 bigquery_manager BigQuery conectado: agro-data-476422.agro_dataset
INFO 2025-11-14 16:34:54,602 bigquery_manager Query executou com sucesso: 0 linhas retornadas
INFO 2025-11-14 16:34:54,610 bigquery_manager BigQuery conectado: agro-data-476422.agro_dataset
INFO 2025-11-14 16:34:54,619 bigquery_manager BigQuery conectado: agro-data-476422.agro_dataset
INFO 2025-11-14 16:34:56,206 bigquery_manager Query executou com sucesso: 0 linhas retornadas
INFO 2025-11-14 16:35:01,181 bigquery_manager BigQuery conectado: agro-data-476422.agro_dataset
INFO 2025-11-14 16:35:02,862 bigquery_manager Query executou com sucesso: 1 linhas retornadas
INFO 2025-11-14 17:23:37,120 bigquery_manager BigQuery conectado: agro-data-476422.agro_dataset
INFO 2025-11-14 17:23:39,010 bigquery_manager Query executou com sucesso: 1 linhas retornadas
INFO 2025-11-14 17:23:41,019 bigquery_manager BigQuery conectado: agro-data-476422.agro_dataset
INFO 2025-11-14 17:23:42,723 bigquery_manager Query executou com sucesso: 1 linhas retornadas
INFO 2025-11-14 17:23:43,233 bigquery_manager BigQuery conectado: agro-data-476422.agro_dataset
INFO 2025-11-14 17:23:45,018 bigquery_manager Query executou com sucesso: 1 linhas retornadas
INFO 2025-11-14 17:23:45,530 bigquery_manager BigQuery conectado: agro-data-476422.agro_dataset
INFO 2025-11-14 17:23:47,062 bigquery_manager Query executou com sucesso: 1 linhas retornadas
INFO 2025-11-14 17:23:47,570 bigquery_manager BigQuery conectado: agro-data-476422.agro_dataset
INFO 2025-11-14 17:23:48,080 bigquery_manager BigQuery conectado: agro-data-476422.agro_dataset
INFO 2025-11-14 17:23:49,795 bigquery_manager Query executou com sucesso: 2 linhas retornadas
INFO 2025-11-14 17:23:50,304 bigquery_manager BigQuery conectado: agro-data-476422.agro_dataset
INFO 2025-11-14 17:23:51,740 bigquery_manager Query executou com sucesso: 2 linhas retornadas
INFO 2025-11-14 17:23:52,249 bigquery_manager BigQuery conectado: agro-data-476422.agro_dataset
INFO 2025-11-14 17:23:53,886 bigquery_manager Query executou com sucesso: 2 linhas retornadas
INFO 2025-11-14 17:23:54,396 bigquery_manager BigQuery conectado: agro-data-476422.agro_dataset
INFO 2025-11-14 17:23:54,905 bigquery_manager BigQuery conectado: agro-data-476422.agro_dataset
INFO 2025-11-14 17:23:55,414 bigquery_manager BigQuery conectado: agro-data-476422.agro_dataset
INFO 2025-11-14 17:23:57,012 bigquery_manager Query executou com sucesso: 1 linhas retornadas
